{"numTotalTestSuites":109,"numPassedTestSuites":97,"numFailedTestSuites":12,"numPendingTestSuites":0,"numTotalTests":114,"numPassedTests":82,"numFailedTests":8,"numPendingTests":0,"numTodoTests":24,"snapshot":{"added":0,"failure":false,"filesAdded":0,"filesRemoved":0,"filesRemovedList":[],"filesUnmatched":0,"filesUpdated":0,"matched":0,"total":0,"unchecked":0,"uncheckedKeysByFile":[],"unmatched":0,"updated":0,"didUpdate":false},"startTime":1749834277104,"success":false,"testResults":[{"assertionResults":[{"ancestorTitles":["Horizontal | "],"fullName":"Horizontal |  기본 렌더링이 정상적으로 이루어져야 합니다","status":"failed","title":"기본 렌더링이 정상적으로 이루어져야 합니다","duration":25.21605400000044,"failureMessages":["TypeError: Cannot destructure property 'basename' of 'React10.useContext(...)' as it is null.\n    at LinkWithRef (/app/node_modules/.pnpm/react-router@7.6.2_react-dom@19.1.0_react@19.1.0__react@19.1.0/node_modules/react-router/dist/development/index.js:9056:11)\n    at Object.react-stack-bottom-frame (/app/node_modules/.pnpm/react-dom@19.1.0_react@19.1.0/node_modules/react-dom/cjs/react-dom-client.development.js:23863:20)\n    at renderWithHooks (/app/node_modules/.pnpm/react-dom@19.1.0_react@19.1.0/node_modules/react-dom/cjs/react-dom-client.development.js:5529:22)\n    at updateForwardRef (/app/node_modules/.pnpm/react-dom@19.1.0_react@19.1.0/node_modules/react-dom/cjs/react-dom-client.development.js:8645:19)\n    at beginWork (/app/node_modules/.pnpm/react-dom@19.1.0_react@19.1.0/node_modules/react-dom/cjs/react-dom-client.development.js:10861:18)\n    at runWithFiberInDEV (/app/node_modules/.pnpm/react-dom@19.1.0_react@19.1.0/node_modules/react-dom/cjs/react-dom-client.development.js:1522:13)\n    at performUnitOfWork (/app/node_modules/.pnpm/react-dom@19.1.0_react@19.1.0/node_modules/react-dom/cjs/react-dom-client.development.js:15140:22)\n    at workLoopSync (/app/node_modules/.pnpm/react-dom@19.1.0_react@19.1.0/node_modules/react-dom/cjs/react-dom-client.development.js:14956:41)\n    at renderRootSync (/app/node_modules/.pnpm/react-dom@19.1.0_react@19.1.0/node_modules/react-dom/cjs/react-dom-client.development.js:14936:11)\n    at performWorkOnRoot (/app/node_modules/.pnpm/react-dom@19.1.0_react@19.1.0/node_modules/react-dom/cjs/react-dom-client.development.js:14462:44)"],"meta":{}},{"ancestorTitles":["Horizontal | "],"fullName":"Horizontal |  작성일이 있어야 합니다","status":"todo","title":"작성일이 있어야 합니다","failureMessages":[],"meta":{}},{"ancestorTitles":["Horizontal | "],"fullName":"Horizontal |  작성자가 있어야 합니다","status":"todo","title":"작성자가 있어야 합니다","failureMessages":[],"meta":{}},{"ancestorTitles":["Horizontal | "],"fullName":"Horizontal |  제목이 있어야 합니다","status":"todo","title":"제목이 있어야 합니다","failureMessages":[],"meta":{}},{"ancestorTitles":["Horizontal | "],"fullName":"Horizontal |  내용이 있어야 합니다","status":"todo","title":"내용이 있어야 합니다","failureMessages":[],"meta":{}},{"ancestorTitles":["Horizontal | "],"fullName":"Horizontal |  더보기를 누르면 navigation.push('/{username}/{post}')으로 이동합니다","status":"todo","title":"더보기를 누르면 navigation.push('/{username}/{post}')으로 이동합니다","failureMessages":[],"meta":{}}],"startTime":1749834280844,"endTime":1749834280869.216,"status":"failed","message":"","name":"/app/app/entities/HorizontalPostCard/ui/HorizontalPostCard.test.tsx"},{"assertionResults":[{"ancestorTitles":["LabelInput | "],"fullName":"LabelInput |  라벨 입력 요소가 정상적으로 렌더링 되어야 합니다","status":"passed","title":"라벨 입력 요소가 정상적으로 렌더링 되어야 합니다","duration":60.202000999999655,"failureMessages":[],"meta":{}}],"startTime":1749834293074,"endTime":1749834293134.202,"status":"passed","message":"","name":"/app/app/entities/LabelInput/ui/LabelInput.test.tsx"},{"assertionResults":[{"ancestorTitles":["Vertical | "],"fullName":"Vertical |  기본 렌더링이 정상적으로 이루어져야 합니다","status":"failed","title":"기본 렌더링이 정상적으로 이루어져야 합니다","duration":25.89523700000018,"failureMessages":["TypeError: Cannot destructure property 'basename' of 'React10.useContext(...)' as it is null.\n    at LinkWithRef (/app/node_modules/.pnpm/react-router@7.6.2_react-dom@19.1.0_react@19.1.0__react@19.1.0/node_modules/react-router/dist/development/index.js:9056:11)\n    at Object.react-stack-bottom-frame (/app/node_modules/.pnpm/react-dom@19.1.0_react@19.1.0/node_modules/react-dom/cjs/react-dom-client.development.js:23863:20)\n    at renderWithHooks (/app/node_modules/.pnpm/react-dom@19.1.0_react@19.1.0/node_modules/react-dom/cjs/react-dom-client.development.js:5529:22)\n    at updateForwardRef (/app/node_modules/.pnpm/react-dom@19.1.0_react@19.1.0/node_modules/react-dom/cjs/react-dom-client.development.js:8645:19)\n    at beginWork (/app/node_modules/.pnpm/react-dom@19.1.0_react@19.1.0/node_modules/react-dom/cjs/react-dom-client.development.js:10861:18)\n    at runWithFiberInDEV (/app/node_modules/.pnpm/react-dom@19.1.0_react@19.1.0/node_modules/react-dom/cjs/react-dom-client.development.js:1522:13)\n    at performUnitOfWork (/app/node_modules/.pnpm/react-dom@19.1.0_react@19.1.0/node_modules/react-dom/cjs/react-dom-client.development.js:15140:22)\n    at workLoopSync (/app/node_modules/.pnpm/react-dom@19.1.0_react@19.1.0/node_modules/react-dom/cjs/react-dom-client.development.js:14956:41)\n    at renderRootSync (/app/node_modules/.pnpm/react-dom@19.1.0_react@19.1.0/node_modules/react-dom/cjs/react-dom-client.development.js:14936:11)\n    at performWorkOnRoot (/app/node_modules/.pnpm/react-dom@19.1.0_react@19.1.0/node_modules/react-dom/cjs/react-dom-client.development.js:14462:44)"],"meta":{}},{"ancestorTitles":["Vertical | "],"fullName":"Vertical |  제목이 있어야 합니다","status":"todo","title":"제목이 있어야 합니다","failureMessages":[],"meta":{}},{"ancestorTitles":["Vertical | "],"fullName":"Vertical |  작성일이 있어야 합니다","status":"todo","title":"작성일이 있어야 합니다","failureMessages":[],"meta":{}},{"ancestorTitles":["Vertical | "],"fullName":"Vertical |  작성자가 있어야 합니다","status":"todo","title":"작성자가 있어야 합니다","failureMessages":[],"meta":{}},{"ancestorTitles":["Vertical | "],"fullName":"Vertical |  요소를 누르면 navigation.push('/{username}/{post}')으로 이동합니다","status":"todo","title":"요소를 누르면 navigation.push('/{username}/{post}')으로 이동합니다","failureMessages":[],"meta":{}}],"startTime":1749834280839,"endTime":1749834280864.8953,"status":"failed","message":"","name":"/app/app/entities/VerticalPostCard/ui/VerticalPostCard.test.tsx"},{"assertionResults":[{"ancestorTitles":["useCodemirror"],"fullName":"useCodemirror 초기 문서와 함께 정상적으로 초기화되어야 합니다","status":"passed","title":"초기 문서와 함께 정상적으로 초기화되어야 합니다","duration":12.59697899999992,"failureMessages":[],"meta":{}},{"ancestorTitles":["useCodemirror"],"fullName":"useCodemirror ref가 null이 아니어야 합니다","status":"passed","title":"ref가 null이 아니어야 합니다","duration":2.37528199999997,"failureMessages":[],"meta":{}}],"startTime":1749834287031,"endTime":1749834287046.3752,"status":"passed","message":"","name":"/app/app/features/Editor/model/useCodemirror.test.tsx"},{"assertionResults":[{"ancestorTitles":["Editor | "],"fullName":"Editor |  렌더링이 정상적으로 이루어져야 합니다","status":"passed","title":"렌더링이 정상적으로 이루어져야 합니다","duration":100.65549199999805,"failureMessages":[],"meta":{}},{"ancestorTitles":["Editor | "],"fullName":"Editor |  initialDoc prop은 문자열이어야 합니다","status":"passed","title":"initialDoc prop은 문자열이어야 합니다","duration":12.712443000000349,"failureMessages":[],"meta":{}},{"ancestorTitles":["Editor | "],"fullName":"Editor |  문서가 변경될 때 콜백이 호출되어야 합니다","status":"todo","title":"문서가 변경될 때 콜백이 호출되어야 합니다","failureMessages":[],"meta":{}}],"startTime":1749834293753,"endTime":1749834293866.7124,"status":"passed","message":"","name":"/app/app/features/Editor/ui/Editor.test.tsx"},{"assertionResults":[{"ancestorTitles":["FloatingButton | "],"fullName":"FloatingButton |  기본 요소가 정상적으로 렌더링 되어야 합니다","status":"passed","title":"기본 요소가 정상적으로 렌더링 되어야 합니다","duration":65.954248,"failureMessages":[],"meta":{}}],"startTime":1749834293065,"endTime":1749834293130.9543,"status":"passed","message":"","name":"/app/app/features/FloatingButton/ui/FloatingButton.test.tsx"},{"assertionResults":[{"ancestorTitles":["FileUpload | "],"fullName":"FileUpload |  파일 업로드 요소가 정상적으로 렌더링 되어야 합니다","status":"passed","title":"파일 업로드 요소가 정상적으로 렌더링 되어야 합니다","duration":70.76378199999999,"failureMessages":[],"meta":{}}],"startTime":1749834281053,"endTime":1749834281123.7637,"status":"passed","message":"","name":"/app/app/features/FileUpload/ui/FileUpload.test.tsx"},{"assertionResults":[{"ancestorTitles":["Preview"],"fullName":"Preview 문서 내용을 렌더링해야 합니다","status":"passed","title":"문서 내용을 렌더링해야 합니다","duration":11.619797999999719,"failureMessages":[],"meta":{}},{"ancestorTitles":["Preview"],"fullName":"Preview 문서가 비어있을 때 빈 내용을 렌더링해야 합니다","status":"passed","title":"문서가 비어있을 때 빈 내용을 렌더링해야 합니다","duration":39.10679600000003,"failureMessages":[],"meta":{}},{"ancestorTitles":["Preview"],"fullName":"Preview doc prop은 string이어야 합니다","status":"passed","title":"doc prop은 string이어야 합니다","duration":0.37231599999904574,"failureMessages":[],"meta":{}},{"ancestorTitles":["Preview"],"fullName":"Preview 빈 문자열이 전달되면 빈 Preview 컴포넌트가 렌더링 되어야 합니다","status":"passed","title":"빈 문자열이 전달되면 빈 Preview 컴포넌트가 렌더링 되어야 합니다","duration":6.266286999998556,"failureMessages":[],"meta":{}}],"startTime":1749834293406,"endTime":1749834293464.2664,"status":"passed","message":"","name":"/app/app/features/Preview/ui/Preview.test.tsx"},{"assertionResults":[{"ancestorTitles":["imageUpload"],"fullName":"imageUpload 이미지 업로드 성공 시 마크다운 문법이 삽입되어야 합니다","status":"passed","title":"이미지 업로드 성공 시 마크다운 문법이 삽입되어야 합니다","duration":3.848453000000063,"failureMessages":[],"meta":{}},{"ancestorTitles":["imageUpload"],"fullName":"imageUpload 이미지 업로드 실패 시 에러 메시지가 삽입되어야 합니다","status":"passed","title":"이미지 업로드 실패 시 에러 메시지가 삽입되어야 합니다","duration":4.1704409999999825,"failureMessages":[],"meta":{}}],"startTime":1749834288149,"endTime":1749834288156.1704,"status":"passed","message":"","name":"/app/app/shared/lib/imageUpload/imageUpload.test.ts"},{"assertionResults":[{"ancestorTitles":["Blockquote | "],"fullName":"Blockquote |  렌더링이 정상적으로 이루어져야 합니다","status":"passed","title":"렌더링이 정상적으로 이루어져야 합니다","duration":52.28386300000011,"failureMessages":[],"meta":{}}],"startTime":1749834284721,"endTime":1749834284773.284,"status":"passed","message":"","name":"/app/app/shared/ui/Blockquote/Blockquote.test.tsx"},{"assertionResults":[{"ancestorTitles":["Button 컴포넌트"],"fullName":"Button 컴포넌트 기본 버튼이 정상적으로 렌더링 되어야 합니다","status":"passed","title":"기본 버튼이 정상적으로 렌더링 되어야 합니다","duration":83.03887499999973,"failureMessages":[],"meta":{}},{"ancestorTitles":["Button 컴포넌트"],"fullName":"Button 컴포넌트 variant prop에 따라 올바른 스타일이 적용되어야 합니다","status":"passed","title":"variant prop에 따라 올바른 스타일이 적용되어야 합니다","duration":14.274586999999883,"failureMessages":[],"meta":{}},{"ancestorTitles":["Button 컴포넌트"],"fullName":"Button 컴포넌트 size prop에 따라 올바른 크기가 적용되어야 합니다","status":"passed","title":"size prop에 따라 올바른 크기가 적용되어야 합니다","duration":11.888274999999794,"failureMessages":[],"meta":{}},{"ancestorTitles":["Button 컴포넌트"],"fullName":"Button 컴포넌트 disabled prop이 true일 때 버튼이 비활성화되어야 합니다","status":"passed","title":"disabled prop이 true일 때 버튼이 비활성화되어야 합니다","duration":9.207099000000198,"failureMessages":[],"meta":{}},{"ancestorTitles":["Button 컴포넌트"],"fullName":"Button 컴포넌트 asChild prop이 true일 때 다른 엘리먼트로 렌더링 되어야 합니다","status":"passed","title":"asChild prop이 true일 때 다른 엘리먼트로 렌더링 되어야 합니다","duration":11.326524999999947,"failureMessages":[],"meta":{}},{"ancestorTitles":["Button 컴포넌트"],"fullName":"Button 컴포넌트 asChild prop이 false일 때 button 엘리먼트로 렌더링 되어야 합니다","status":"passed","title":"asChild prop이 false일 때 button 엘리먼트로 렌더링 되어야 합니다","duration":5.02379000000019,"failureMessages":[],"meta":{}}],"startTime":1749834281152,"endTime":1749834281287.0237,"status":"passed","message":"","name":"/app/app/shared/ui/Button/Button.test.tsx"},{"assertionResults":[{"ancestorTitles":["Calendar | "],"fullName":"Calendar |  렌더링이 정상적으로 이루어져야 합니다","status":"passed","title":"렌더링이 정상적으로 이루어져야 합니다","duration":136.95973800000047,"failureMessages":[],"meta":{}}],"startTime":1749834286831,"endTime":1749834286967.9597,"status":"passed","message":"","name":"/app/app/shared/ui/Calendar/Calendar.test.tsx"},{"assertionResults":[{"ancestorTitles":["Category | "],"fullName":"Category |  카테고리가 정상적으로 렌더링 되어야 합니다","status":"passed","title":"카테고리가 정상적으로 렌더링 되어야 합니다","duration":27.438767000000098,"failureMessages":[],"meta":{}}],"startTime":1749834283908,"endTime":1749834283935.4387,"status":"passed","message":"","name":"/app/app/shared/ui/Category/Category.test.tsx"},{"assertionResults":[{"ancestorTitles":["Code | "],"fullName":"Code |  렌더링이 정상적으로 이루어져야 합니다","status":"passed","title":"렌더링이 정상적으로 이루어져야 합니다","duration":28.462993000000097,"failureMessages":[],"meta":{}}],"startTime":1749834286361,"endTime":1749834286389.463,"status":"passed","message":"","name":"/app/app/shared/ui/Code/Code.test.tsx"},{"assertionResults":[{"ancestorTitles":["Container | "],"fullName":"Container |  렌더링이 정상적으로 이루어져야 합니다","status":"passed","title":"렌더링이 정상적으로 이루어져야 합니다","duration":68.4765010000001,"failureMessages":[],"meta":{}}],"startTime":1749834280983,"endTime":1749834281051.4766,"status":"passed","message":"","name":"/app/app/shared/ui/Container/Container.test.tsx"},{"assertionResults":[{"ancestorTitles":["CustomSelect | "],"fullName":"CustomSelect |  플레이스홀더가 정상적으로 렌더링 되어야 합니다","status":"passed","title":"플레이스홀더가 정상적으로 렌더링 되어야 합니다","duration":62.23084200000039,"failureMessages":[],"meta":{}}],"startTime":1749834281087,"endTime":1749834281149.231,"status":"passed","message":"","name":"/app/app/shared/ui/CustomSelect/CustomSelect.test.tsx"},{"assertionResults":[{"ancestorTitles":["DatePicker | "],"fullName":"DatePicker |  버튼이 정상적으로 렌더링 되어야 합니다","status":"passed","title":"버튼이 정상적으로 렌더링 되어야 합니다","duration":102.87912900000083,"failureMessages":[],"meta":{}}],"startTime":1749834286500,"endTime":1749834286602.8792,"status":"passed","message":"","name":"/app/app/shared/ui/DatePicker/DatePicker.test.tsx"},{"assertionResults":[{"ancestorTitles":["DefaultProfile | "],"fullName":"DefaultProfile |  렌더링이 정상적으로 이루어져야 합니다","status":"passed","title":"렌더링이 정상적으로 이루어져야 합니다","duration":27.720454000000245,"failureMessages":[],"meta":{}}],"startTime":1749834286798,"endTime":1749834286825.7205,"status":"passed","message":"","name":"/app/app/shared/ui/DefaultProfile/DefaultProfile.test.tsx"},{"assertionResults":[{"ancestorTitles":["Dialog | "],"fullName":"Dialog |  트리거 버튼이 렌더링 되어야 합니다","status":"passed","title":"트리거 버튼이 렌더링 되어야 합니다","duration":100.39785600000005,"failureMessages":[],"meta":{}}],"startTime":1749834281144,"endTime":1749834281244.398,"status":"passed","message":"","name":"/app/app/shared/ui/Dialog/Dialog.test.tsx"},{"assertionResults":[{"ancestorTitles":["FormLabel | "],"fullName":"FormLabel |  텍스트가 정상적으로 렌더링 되어야 합니다","status":"passed","title":"텍스트가 정상적으로 렌더링 되어야 합니다","duration":38.932712999999694,"failureMessages":[],"meta":{}}],"startTime":1749834284016,"endTime":1749834284054.9326,"status":"passed","message":"","name":"/app/app/shared/ui/FormLabel/FormLabel.test.tsx"},{"assertionResults":[{"ancestorTitles":["H1 | "],"fullName":"H1 |  렌더링이 정상적으로 이루어져야 합니다","status":"passed","title":"렌더링이 정상적으로 이루어져야 합니다","duration":41.520066999999926,"failureMessages":[],"meta":{}}],"startTime":1749834286671,"endTime":1749834286712.52,"status":"passed","message":"","name":"/app/app/shared/ui/H1/H1.test.tsx"},{"assertionResults":[{"ancestorTitles":["H2 | "],"fullName":"H2 |  렌더링이 정상적으로 이루어져야 합니다","status":"passed","title":"렌더링이 정상적으로 이루어져야 합니다","duration":30.025747000000138,"failureMessages":[],"meta":{}}],"startTime":1749834286361,"endTime":1749834286391.0256,"status":"passed","message":"","name":"/app/app/shared/ui/H2/H2.test.tsx"},{"assertionResults":[{"ancestorTitles":["H3 | "],"fullName":"H3 |  렌더링이 정상적으로 이루어져야 합니다","status":"passed","title":"렌더링이 정상적으로 이루어져야 합니다","duration":45.0809220000001,"failureMessages":[],"meta":{}}],"startTime":1749834286362,"endTime":1749834286407.0808,"status":"passed","message":"","name":"/app/app/shared/ui/H3/H3.test.tsx"},{"assertionResults":[{"ancestorTitles":["H4 | "],"fullName":"H4 |  렌더링이 정상적으로 이루어져야 합니다","status":"passed","title":"렌더링이 정상적으로 이루어져야 합니다","duration":30.454642999999578,"failureMessages":[],"meta":{}}],"startTime":1749834286457,"endTime":1749834286487.4546,"status":"passed","message":"","name":"/app/app/shared/ui/H4/H4.test.tsx"},{"assertionResults":[{"ancestorTitles":["Hyperlink | "],"fullName":"Hyperlink |  렌더링이 정상적으로 이루어져야 합니다","status":"passed","title":"렌더링이 정상적으로 이루어져야 합니다","duration":42.57028900000023,"failureMessages":[],"meta":{}},{"ancestorTitles":["Hyperlink | "],"fullName":"Hyperlink |  target과 rel 속성이 올바르게 설정되어야 합니다","status":"passed","title":"target과 rel 속성이 올바르게 설정되어야 합니다","duration":3.4576270000002296,"failureMessages":[],"meta":{}}],"startTime":1749834286459,"endTime":1749834286505.4575,"status":"passed","message":"","name":"/app/app/shared/ui/Hyperlink/Hyperlink.test.tsx"},{"assertionResults":[{"ancestorTitles":["Input 컴포넌트"],"fullName":"Input 컴포넌트 기본 입력 요소가 정상적으로 렌더링 되어야 합니다","status":"passed","title":"기본 입력 요소가 정상적으로 렌더링 되어야 합니다","duration":65.49804399999994,"failureMessages":[],"meta":{}},{"ancestorTitles":["Input 컴포넌트"],"fullName":"Input 컴포넌트 placeholder 속성이 정상적으로 렌더링 되어야 합니다","status":"passed","title":"placeholder 속성이 정상적으로 렌더링 되어야 합니다","duration":2.202600000000075,"failureMessages":[],"meta":{}},{"ancestorTitles":["Input 컴포넌트"],"fullName":"Input 컴포넌트 onChange 이벤트가 정상적으로 동작해야 합니다","status":"passed","title":"onChange 이벤트가 정상적으로 동작해야 합니다","duration":10.117023000000245,"failureMessages":[],"meta":{}},{"ancestorTitles":["Input 컴포넌트"],"fullName":"Input 컴포넌트 disabled 상태일 때 입력이 불가능해야 합니다","status":"passed","title":"disabled 상태일 때 입력이 불가능해야 합니다","duration":4.812655000000177,"failureMessages":[],"meta":{}}],"startTime":1749834280979,"endTime":1749834281061.8127,"status":"passed","message":"","name":"/app/app/shared/ui/Input/Input.test.tsx"},{"assertionResults":[{"ancestorTitles":["Label | "],"fullName":"Label |  텍스트가 정상적으로 렌더링 되어야 합니다","status":"passed","title":"텍스트가 정상적으로 렌더링 되어야 합니다","duration":79.18112199999996,"failureMessages":[],"meta":{}}],"startTime":1749834284238,"endTime":1749834284317.1812,"status":"passed","message":"","name":"/app/app/shared/ui/Label/Label.test.tsx"},{"assertionResults":[{"ancestorTitles":["Loading | "],"fullName":"Loading |  로딩 인디케이터가 정상적으로 렌더링 되어야 합니다","status":"passed","title":"로딩 인디케이터가 정상적으로 렌더링 되어야 합니다","duration":72.3810840000001,"failureMessages":[],"meta":{}}],"startTime":1749834280859,"endTime":1749834280931.381,"status":"passed","message":"","name":"/app/app/shared/ui/Loading/Loading.test.tsx"},{"assertionResults":[{"ancestorTitles":["MonthCalendar | "],"fullName":"MonthCalendar |  그리드가 렌더링 되어야 합니다","status":"passed","title":"그리드가 렌더링 되어야 합니다","duration":93.71834099999978,"failureMessages":[],"meta":{}}],"startTime":1749834286833,"endTime":1749834286926.7183,"status":"passed","message":"","name":"/app/app/shared/ui/MonthCalendar/MonthCalendar.test.tsx"},{"assertionResults":[{"ancestorTitles":["MonthPicker | "],"fullName":"MonthPicker |  버튼이 렌더링 되어야 합니다","status":"passed","title":"버튼이 렌더링 되어야 합니다","duration":117.56902799999989,"failureMessages":[],"meta":{}}],"startTime":1749834284291,"endTime":1749834284408.569,"status":"passed","message":"","name":"/app/app/shared/ui/MonthPicker/MonthPicker.test.tsx"},{"assertionResults":[{"ancestorTitles":["MonthRangeCalendar | "],"fullName":"MonthRangeCalendar |  버튼이 렌더링 되어야 합니다","status":"passed","title":"버튼이 렌더링 되어야 합니다","duration":172.14727300000004,"failureMessages":[],"meta":{}}],"startTime":1749834281235,"endTime":1749834281407.1472,"status":"passed","message":"","name":"/app/app/shared/ui/MonthRangeCalendar/MonthRangeCalendar.test.tsx"},{"assertionResults":[{"ancestorTitles":["OrderedList | "],"fullName":"OrderedList |  렌더링이 정상적으로 이루어져야 합니다","status":"passed","title":"렌더링이 정상적으로 이루어져야 합니다","duration":45.645996000000196,"failureMessages":[],"meta":{}},{"ancestorTitles":["OrderedList | "],"fullName":"OrderedList |  ordered list 태그로 렌더링되어야 합니다","status":"passed","title":"ordered list 태그로 렌더링되어야 합니다","duration":68.22287499999993,"failureMessages":[],"meta":{}}],"startTime":1749834283909,"endTime":1749834284023.223,"status":"passed","message":"","name":"/app/app/shared/ui/OrderedList/OrderedList.test.tsx"},{"assertionResults":[{"ancestorTitles":["Popover | "],"fullName":"Popover |  트리거 버튼이 렌더링 되어야 합니다","status":"passed","title":"트리거 버튼이 렌더링 되어야 합니다","duration":71.60850200000004,"failureMessages":[],"meta":{}}],"startTime":1749834281098,"endTime":1749834281169.6084,"status":"passed","message":"","name":"/app/app/shared/ui/Popover/Popover.test.tsx"},{"assertionResults":[{"ancestorTitles":["Select | "],"fullName":"Select |  트리거가 렌더링 되어야 합니다","status":"passed","title":"트리거가 렌더링 되어야 합니다","duration":102.7985249999997,"failureMessages":[],"meta":{}}],"startTime":1749834281086,"endTime":1749834281188.7986,"status":"passed","message":"","name":"/app/app/shared/ui/Select/Select.test.tsx"},{"assertionResults":[{"ancestorTitles":["Pre | "],"fullName":"Pre |  렌더링이 정상적으로 이루어져야 합니다","status":"passed","title":"렌더링이 정상적으로 이루어져야 합니다","duration":38.51024099999995,"failureMessages":[],"meta":{}},{"ancestorTitles":["Pre | "],"fullName":"Pre |  pre 태그로 렌더링되어야 합니다","status":"passed","title":"pre 태그로 렌더링되어야 합니다","duration":3.063130000000001,"failureMessages":[],"meta":{}}],"startTime":1749834286362,"endTime":1749834286403.0632,"status":"passed","message":"","name":"/app/app/shared/ui/Pre/Pre.test.tsx"},{"assertionResults":[{"ancestorTitles":["Toaster | "],"fullName":"Toaster |  렌더링이 정상적으로 이루어져야 합니다","status":"passed","title":"렌더링이 정상적으로 이루어져야 합니다","duration":69.30089399999997,"failureMessages":[],"meta":{}}],"startTime":1749834283831,"endTime":1749834283900.3008,"status":"passed","message":"","name":"/app/app/shared/ui/Sonner/Sonner.test.tsx"},{"assertionResults":[{"ancestorTitles":["Textarea | "],"fullName":"Textarea |  입력 요소가 정상적으로 렌더링 되어야 합니다","status":"passed","title":"입력 요소가 정상적으로 렌더링 되어야 합니다","duration":85.32901099999981,"failureMessages":[],"meta":{}}],"startTime":1749834283018,"endTime":1749834283103.329,"status":"passed","message":"","name":"/app/app/shared/ui/Textarea/Textarea.test.tsx"},{"assertionResults":[{"ancestorTitles":["Toggle | "],"fullName":"Toggle |  버튼이 렌더링 되어야 합니다","status":"passed","title":"버튼이 렌더링 되어야 합니다","duration":76.91712999999982,"failureMessages":[],"meta":{}}],"startTime":1749834280957,"endTime":1749834281033.9172,"status":"passed","message":"","name":"/app/app/shared/ui/Toggle/Toggle.test.tsx"},{"assertionResults":[{"ancestorTitles":["ToggleGroup | "],"fullName":"ToggleGroup |  아이템이 렌더링 되어야 합니다","status":"passed","title":"아이템이 렌더링 되어야 합니다","duration":73.67856500000016,"failureMessages":[],"meta":{}}],"startTime":1749834281067,"endTime":1749834281140.6785,"status":"passed","message":"","name":"/app/app/shared/ui/ToggleGroup/ToggleGroup.test.tsx"},{"assertionResults":[{"ancestorTitles":["UnorderedList | "],"fullName":"UnorderedList |  렌더링이 정상적으로 이루어져야 합니다","status":"passed","title":"렌더링이 정상적으로 이루어져야 합니다","duration":29.125895000000128,"failureMessages":[],"meta":{}},{"ancestorTitles":["UnorderedList | "],"fullName":"UnorderedList |  unordered list 태그로 렌더링되어야 합니다","status":"passed","title":"unordered list 태그로 렌더링되어야 합니다","duration":54.845788000000084,"failureMessages":[],"meta":{}}],"startTime":1749834283780,"endTime":1749834283863.8457,"status":"passed","message":"","name":"/app/app/shared/ui/UnorderedList/UnorderedList.test.tsx"},{"assertionResults":[{"ancestorTitles":["Footer | "],"fullName":"Footer |  Footer가 정상적으로 렌더링 되어야 합니다","status":"passed","title":"Footer가 정상적으로 렌더링 되어야 합니다","duration":131.73964400000023,"failureMessages":[],"meta":{}}],"startTime":1749834284168,"endTime":1749834284299.7397,"status":"passed","message":"","name":"/app/app/widgets/Footer/ui/Footer.test.tsx"},{"assertionResults":[{"ancestorTitles":["LandingAbout | "],"fullName":"LandingAbout |  기본 렌더링이 정상적으로 이루어져야 합니다","status":"passed","title":"기본 렌더링이 정상적으로 이루어져야 합니다","duration":67.387619000001,"failureMessages":[],"meta":{}},{"ancestorTitles":["LandingAbout | "],"fullName":"LandingAbout |  right prop이 true일 때 오른쪽 정렬되어야 합니다","status":"passed","title":"right prop이 true일 때 오른쪽 정렬되어야 합니다","duration":5.509842000001299,"failureMessages":[],"meta":{}},{"ancestorTitles":["LandingAbout | "],"fullName":"LandingAbout |  right prop이 false일 때 왼쪽 정렬되어야 합니다","status":"passed","title":"right prop이 false일 때 왼쪽 정렬되어야 합니다","duration":6.314159999999902,"failureMessages":[],"meta":{}},{"ancestorTitles":["LandingAbout | "],"fullName":"LandingAbout |  인사말이 있어야 합니다","status":"todo","title":"인사말이 있어야 합니다","failureMessages":[],"meta":{}},{"ancestorTitles":["LandingAbout | "],"fullName":"LandingAbout |  내용이 있어야 합니다","status":"todo","title":"내용이 있어야 합니다","failureMessages":[],"meta":{}},{"ancestorTitles":["LandingAbout | "],"fullName":"LandingAbout |  기술스택이 있어야 합니다","status":"todo","title":"기술스택이 있어야 합니다","failureMessages":[],"meta":{}},{"ancestorTitles":["LandingAbout | "],"fullName":"LandingAbout |  기술스택은 최대 15개입니다","status":"todo","title":"기술스택은 최대 15개입니다","failureMessages":[],"meta":{}},{"ancestorTitles":["LandingAbout | "],"fullName":"LandingAbout |  더 알아보기를 누르면 navigation.push('/{username}/about')으로 이동합니다","status":"todo","title":"더 알아보기를 누르면 navigation.push('/{username}/about')으로 이동합니다","failureMessages":[],"meta":{}}],"startTime":1749834293065,"endTime":1749834293143.3142,"status":"passed","message":"","name":"/app/app/widgets/LandingAbout/ui/LandingAbout.test.tsx"},{"assertionResults":[{"ancestorTitles":["GNB | "],"fullName":"GNB |  렌더링이 정상적으로 이루어져야 합니다","status":"failed","title":"렌더링이 정상적으로 이루어져야 합니다","duration":13.452903999999762,"failureMessages":["TypeError: Cannot destructure property 'basename' of 'React10.useContext(...)' as it is null.\n    at LinkWithRef (/app/node_modules/.pnpm/react-router@7.6.2_react-dom@19.1.0_react@19.1.0__react@19.1.0/node_modules/react-router/dist/development/index.js:9056:11)\n    at Object.react-stack-bottom-frame (/app/node_modules/.pnpm/react-dom@19.1.0_react@19.1.0/node_modules/react-dom/cjs/react-dom-client.development.js:23863:20)\n    at renderWithHooks (/app/node_modules/.pnpm/react-dom@19.1.0_react@19.1.0/node_modules/react-dom/cjs/react-dom-client.development.js:5529:22)\n    at updateForwardRef (/app/node_modules/.pnpm/react-dom@19.1.0_react@19.1.0/node_modules/react-dom/cjs/react-dom-client.development.js:8645:19)\n    at beginWork (/app/node_modules/.pnpm/react-dom@19.1.0_react@19.1.0/node_modules/react-dom/cjs/react-dom-client.development.js:10861:18)\n    at runWithFiberInDEV (/app/node_modules/.pnpm/react-dom@19.1.0_react@19.1.0/node_modules/react-dom/cjs/react-dom-client.development.js:1522:13)\n    at performUnitOfWork (/app/node_modules/.pnpm/react-dom@19.1.0_react@19.1.0/node_modules/react-dom/cjs/react-dom-client.development.js:15140:22)\n    at workLoopSync (/app/node_modules/.pnpm/react-dom@19.1.0_react@19.1.0/node_modules/react-dom/cjs/react-dom-client.development.js:14956:41)\n    at renderRootSync (/app/node_modules/.pnpm/react-dom@19.1.0_react@19.1.0/node_modules/react-dom/cjs/react-dom-client.development.js:14936:11)\n    at performWorkOnRoot (/app/node_modules/.pnpm/react-dom@19.1.0_react@19.1.0/node_modules/react-dom/cjs/react-dom-client.development.js:14462:44)"],"meta":{}},{"ancestorTitles":["GNB | "],"fullName":"GNB |  Github 링크가 보여야 합니다","status":"todo","title":"Github 링크가 보여야 합니다","failureMessages":[],"meta":{}},{"ancestorTitles":["GNB | "],"fullName":"GNB |  사용자명이 보여야 합니다","status":"todo","title":"사용자명이 보여야 합니다","failureMessages":[],"meta":{}},{"ancestorTitles":["GNB | "],"fullName":"GNB |  사용자 자세히 보기 페이지로 이동해야 합니다","status":"todo","title":"사용자 자세히 보기 페이지로 이동해야 합니다","failureMessages":[],"meta":{}}],"startTime":1749834280846,"endTime":1749834280859.453,"status":"failed","message":"","name":"/app/app/widgets/GNB/ui/GNB.test.tsx"},{"assertionResults":[{"ancestorTitles":["LandingIntro | "],"fullName":"LandingIntro |  기본 렌더링이 정상적으로 이루어져야 합니다","status":"passed","title":"기본 렌더링이 정상적으로 이루어져야 합니다","duration":85.2615609999998,"failureMessages":[],"meta":{}},{"ancestorTitles":["LandingIntro | "],"fullName":"LandingIntro |  머릿말이 있어야 합니다","status":"todo","title":"머릿말이 있어야 합니다","failureMessages":[],"meta":{}},{"ancestorTitles":["LandingIntro | "],"fullName":"LandingIntro |  꼬릿말이 있어야 합니다","status":"todo","title":"꼬릿말이 있어야 합니다","failureMessages":[],"meta":{}}],"startTime":1749834283810,"endTime":1749834283895.2615,"status":"passed","message":"","name":"/app/app/widgets/LandingIntro/ui/LandingIntro.test.tsx"},{"assertionResults":[{"ancestorTitles":["ManageGNB | "],"fullName":"ManageGNB |  렌더링이 정상적으로 이루어져야 합니다","status":"failed","title":"렌더링이 정상적으로 이루어져야 합니다","duration":14.39487199999894,"failureMessages":["TypeError: Cannot destructure property 'basename' of 'React10.useContext(...)' as it is null.\n    at LinkWithRef (/app/node_modules/.pnpm/react-router@7.6.2_react-dom@19.1.0_react@19.1.0__react@19.1.0/node_modules/react-router/dist/development/index.js:9056:11)\n    at Object.react-stack-bottom-frame (/app/node_modules/.pnpm/react-dom@19.1.0_react@19.1.0/node_modules/react-dom/cjs/react-dom-client.development.js:23863:20)\n    at renderWithHooks (/app/node_modules/.pnpm/react-dom@19.1.0_react@19.1.0/node_modules/react-dom/cjs/react-dom-client.development.js:5529:22)\n    at updateForwardRef (/app/node_modules/.pnpm/react-dom@19.1.0_react@19.1.0/node_modules/react-dom/cjs/react-dom-client.development.js:8645:19)\n    at beginWork (/app/node_modules/.pnpm/react-dom@19.1.0_react@19.1.0/node_modules/react-dom/cjs/react-dom-client.development.js:10861:18)\n    at runWithFiberInDEV (/app/node_modules/.pnpm/react-dom@19.1.0_react@19.1.0/node_modules/react-dom/cjs/react-dom-client.development.js:1522:13)\n    at performUnitOfWork (/app/node_modules/.pnpm/react-dom@19.1.0_react@19.1.0/node_modules/react-dom/cjs/react-dom-client.development.js:15140:22)\n    at workLoopSync (/app/node_modules/.pnpm/react-dom@19.1.0_react@19.1.0/node_modules/react-dom/cjs/react-dom-client.development.js:14956:41)\n    at renderRootSync (/app/node_modules/.pnpm/react-dom@19.1.0_react@19.1.0/node_modules/react-dom/cjs/react-dom-client.development.js:14936:11)\n    at performWorkOnRoot (/app/node_modules/.pnpm/react-dom@19.1.0_react@19.1.0/node_modules/react-dom/cjs/react-dom-client.development.js:14462:44)"],"meta":{}}],"startTime":1749834293333,"endTime":1749834293347.3948,"status":"failed","message":"","name":"/app/app/widgets/ManageGNB/ui/ManageGNB.test.tsx"},{"assertionResults":[{"ancestorTitles":["PopularPostList | "],"fullName":"PopularPostList |  기본 렌더링이 정상적으로 이루어져야 합니다","status":"failed","title":"기본 렌더링이 정상적으로 이루어져야 합니다","duration":40.21712699999989,"failureMessages":["TypeError: Cannot destructure property 'basename' of 'React10.useContext(...)' as it is null.\n    at LinkWithRef (/app/node_modules/.pnpm/react-router@7.6.2_react-dom@19.1.0_react@19.1.0__react@19.1.0/node_modules/react-router/dist/development/index.js:9056:11)\n    at Object.react-stack-bottom-frame (/app/node_modules/.pnpm/react-dom@19.1.0_react@19.1.0/node_modules/react-dom/cjs/react-dom-client.development.js:23863:20)\n    at renderWithHooks (/app/node_modules/.pnpm/react-dom@19.1.0_react@19.1.0/node_modules/react-dom/cjs/react-dom-client.development.js:5529:22)\n    at updateForwardRef (/app/node_modules/.pnpm/react-dom@19.1.0_react@19.1.0/node_modules/react-dom/cjs/react-dom-client.development.js:8645:19)\n    at beginWork (/app/node_modules/.pnpm/react-dom@19.1.0_react@19.1.0/node_modules/react-dom/cjs/react-dom-client.development.js:10861:18)\n    at runWithFiberInDEV (/app/node_modules/.pnpm/react-dom@19.1.0_react@19.1.0/node_modules/react-dom/cjs/react-dom-client.development.js:1522:13)\n    at performUnitOfWork (/app/node_modules/.pnpm/react-dom@19.1.0_react@19.1.0/node_modules/react-dom/cjs/react-dom-client.development.js:15140:22)\n    at workLoopSync (/app/node_modules/.pnpm/react-dom@19.1.0_react@19.1.0/node_modules/react-dom/cjs/react-dom-client.development.js:14956:41)\n    at renderRootSync (/app/node_modules/.pnpm/react-dom@19.1.0_react@19.1.0/node_modules/react-dom/cjs/react-dom-client.development.js:14936:11)\n    at performWorkOnRoot (/app/node_modules/.pnpm/react-dom@19.1.0_react@19.1.0/node_modules/react-dom/cjs/react-dom-client.development.js:14462:44)"],"meta":{}},{"ancestorTitles":["PopularPostList | "],"fullName":"PopularPostList |  PopularPostItem이 렌더링 되어야 합니다","status":"failed","title":"PopularPostItem이 렌더링 되어야 합니다","duration":2.3433120000008785,"failureMessages":["TypeError: Cannot destructure property 'basename' of 'React10.useContext(...)' as it is null.\n    at LinkWithRef (/app/node_modules/.pnpm/react-router@7.6.2_react-dom@19.1.0_react@19.1.0__react@19.1.0/node_modules/react-router/dist/development/index.js:9056:11)\n    at Object.react-stack-bottom-frame (/app/node_modules/.pnpm/react-dom@19.1.0_react@19.1.0/node_modules/react-dom/cjs/react-dom-client.development.js:23863:20)\n    at renderWithHooks (/app/node_modules/.pnpm/react-dom@19.1.0_react@19.1.0/node_modules/react-dom/cjs/react-dom-client.development.js:5529:22)\n    at updateForwardRef (/app/node_modules/.pnpm/react-dom@19.1.0_react@19.1.0/node_modules/react-dom/cjs/react-dom-client.development.js:8645:19)\n    at beginWork (/app/node_modules/.pnpm/react-dom@19.1.0_react@19.1.0/node_modules/react-dom/cjs/react-dom-client.development.js:10861:18)\n    at runWithFiberInDEV (/app/node_modules/.pnpm/react-dom@19.1.0_react@19.1.0/node_modules/react-dom/cjs/react-dom-client.development.js:1522:13)\n    at performUnitOfWork (/app/node_modules/.pnpm/react-dom@19.1.0_react@19.1.0/node_modules/react-dom/cjs/react-dom-client.development.js:15140:22)\n    at workLoopSync (/app/node_modules/.pnpm/react-dom@19.1.0_react@19.1.0/node_modules/react-dom/cjs/react-dom-client.development.js:14956:41)\n    at renderRootSync (/app/node_modules/.pnpm/react-dom@19.1.0_react@19.1.0/node_modules/react-dom/cjs/react-dom-client.development.js:14936:11)\n    at performWorkOnRoot (/app/node_modules/.pnpm/react-dom@19.1.0_react@19.1.0/node_modules/react-dom/cjs/react-dom-client.development.js:14462:44)"],"meta":{}},{"ancestorTitles":["PopularPostList | "],"fullName":"PopularPostList |  게시글 목록을 받와야 합니다","status":"todo","title":"게시글 목록을 받와야 합니다","failureMessages":[],"meta":{}},{"ancestorTitles":["PopularPostList | "],"fullName":"PopularPostList |  인기 게시글은 최대 10개입니다","status":"todo","title":"인기 게시글은 최대 10개입니다","failureMessages":[],"meta":{}}],"startTime":1749834293784,"endTime":1749834293826.3433,"status":"failed","message":"","name":"/app/app/widgets/PopularPostList/ui/PopularPostList.test.tsx"},{"assertionResults":[{"ancestorTitles":["Profile | "],"fullName":"Profile |  블로그 상단 프로필이 정상적으로 렌더링 되어야 합니다","status":"passed","title":"블로그 상단 프로필이 정상적으로 렌더링 되어야 합니다","duration":21.994363999998313,"failureMessages":[],"meta":{}}],"startTime":1749834293818,"endTime":1749834293839.9944,"status":"passed","message":"","name":"/app/app/widgets/Profile/ui/Profile.test.tsx"},{"assertionResults":[{"ancestorTitles":["RecentPostList | "],"fullName":"RecentPostList |  기본 렌더링이 정상적으로 이루어져야 합니다","status":"failed","title":"기본 렌더링이 정상적으로 이루어져야 합니다","duration":39.16210199999841,"failureMessages":["TypeError: Cannot destructure property 'basename' of 'React10.useContext(...)' as it is null.\n    at LinkWithRef (/app/node_modules/.pnpm/react-router@7.6.2_react-dom@19.1.0_react@19.1.0__react@19.1.0/node_modules/react-router/dist/development/index.js:9056:11)\n    at Object.react-stack-bottom-frame (/app/node_modules/.pnpm/react-dom@19.1.0_react@19.1.0/node_modules/react-dom/cjs/react-dom-client.development.js:23863:20)\n    at renderWithHooks (/app/node_modules/.pnpm/react-dom@19.1.0_react@19.1.0/node_modules/react-dom/cjs/react-dom-client.development.js:5529:22)\n    at updateForwardRef (/app/node_modules/.pnpm/react-dom@19.1.0_react@19.1.0/node_modules/react-dom/cjs/react-dom-client.development.js:8645:19)\n    at beginWork (/app/node_modules/.pnpm/react-dom@19.1.0_react@19.1.0/node_modules/react-dom/cjs/react-dom-client.development.js:10861:18)\n    at runWithFiberInDEV (/app/node_modules/.pnpm/react-dom@19.1.0_react@19.1.0/node_modules/react-dom/cjs/react-dom-client.development.js:1522:13)\n    at performUnitOfWork (/app/node_modules/.pnpm/react-dom@19.1.0_react@19.1.0/node_modules/react-dom/cjs/react-dom-client.development.js:15140:22)\n    at workLoopSync (/app/node_modules/.pnpm/react-dom@19.1.0_react@19.1.0/node_modules/react-dom/cjs/react-dom-client.development.js:14956:41)\n    at renderRootSync (/app/node_modules/.pnpm/react-dom@19.1.0_react@19.1.0/node_modules/react-dom/cjs/react-dom-client.development.js:14936:11)\n    at performWorkOnRoot (/app/node_modules/.pnpm/react-dom@19.1.0_react@19.1.0/node_modules/react-dom/cjs/react-dom-client.development.js:14462:44)"],"meta":{}},{"ancestorTitles":["RecentPostList | "],"fullName":"RecentPostList |  RecentPostItem이 렌더링 되어야 합니다","status":"failed","title":"RecentPostItem이 렌더링 되어야 합니다","duration":2.3704930000021704,"failureMessages":["TypeError: Cannot destructure property 'basename' of 'React10.useContext(...)' as it is null.\n    at LinkWithRef (/app/node_modules/.pnpm/react-router@7.6.2_react-dom@19.1.0_react@19.1.0__react@19.1.0/node_modules/react-router/dist/development/index.js:9056:11)\n    at Object.react-stack-bottom-frame (/app/node_modules/.pnpm/react-dom@19.1.0_react@19.1.0/node_modules/react-dom/cjs/react-dom-client.development.js:23863:20)\n    at renderWithHooks (/app/node_modules/.pnpm/react-dom@19.1.0_react@19.1.0/node_modules/react-dom/cjs/react-dom-client.development.js:5529:22)\n    at updateForwardRef (/app/node_modules/.pnpm/react-dom@19.1.0_react@19.1.0/node_modules/react-dom/cjs/react-dom-client.development.js:8645:19)\n    at beginWork (/app/node_modules/.pnpm/react-dom@19.1.0_react@19.1.0/node_modules/react-dom/cjs/react-dom-client.development.js:10861:18)\n    at runWithFiberInDEV (/app/node_modules/.pnpm/react-dom@19.1.0_react@19.1.0/node_modules/react-dom/cjs/react-dom-client.development.js:1522:13)\n    at performUnitOfWork (/app/node_modules/.pnpm/react-dom@19.1.0_react@19.1.0/node_modules/react-dom/cjs/react-dom-client.development.js:15140:22)\n    at workLoopSync (/app/node_modules/.pnpm/react-dom@19.1.0_react@19.1.0/node_modules/react-dom/cjs/react-dom-client.development.js:14956:41)\n    at renderRootSync (/app/node_modules/.pnpm/react-dom@19.1.0_react@19.1.0/node_modules/react-dom/cjs/react-dom-client.development.js:14936:11)\n    at performWorkOnRoot (/app/node_modules/.pnpm/react-dom@19.1.0_react@19.1.0/node_modules/react-dom/cjs/react-dom-client.development.js:14462:44)"],"meta":{}},{"ancestorTitles":["RecentPostList | "],"fullName":"RecentPostList |  게시글 목록을 받아와야 합니다","status":"todo","title":"게시글 목록을 받아와야 합니다","failureMessages":[],"meta":{}},{"ancestorTitles":["RecentPostList | "],"fullName":"RecentPostList |  최근 게시글은 최대 10개입니다","status":"todo","title":"최근 게시글은 최대 10개입니다","failureMessages":[],"meta":{}}],"startTime":1749834293785,"endTime":1749834293826.3706,"status":"failed","message":"","name":"/app/app/widgets/RecentPostLIst/ui/RecentPostList.test.tsx"},{"assertionResults":[{"ancestorTitles":["SectionTitle | "],"fullName":"SectionTitle |  제목 요소가 정상적으로 렌더링 되어야 합니다","status":"passed","title":"제목 요소가 정상적으로 렌더링 되어야 합니다","duration":70.19450200000028,"failureMessages":[],"meta":{}}],"startTime":1749834293074,"endTime":1749834293144.1946,"status":"passed","message":"","name":"/app/app/widgets/SectionTitle/ui/SectionTitle.test.tsx"},{"assertionResults":[{"ancestorTitles":["Toolbar | ","서식 핸들러 테스트","헤딩 핸들러"],"fullName":"Toolbar |  서식 핸들러 테스트 헤딩 핸들러 선택된 텍스트에 H1 서식을 적용해야 합니다","status":"passed","title":"선택된 텍스트에 H1 서식을 적용해야 합니다","duration":32.508028000000195,"failureMessages":[],"meta":{}},{"ancestorTitles":["Toolbar | ","서식 핸들러 테스트","헤딩 핸들러"],"fullName":"Toolbar |  서식 핸들러 테스트 헤딩 핸들러 선택된 텍스트에 H2 서식을 적용해야 합니다","status":"passed","title":"선택된 텍스트에 H2 서식을 적용해야 합니다","duration":5.785283999999592,"failureMessages":[],"meta":{}},{"ancestorTitles":["Toolbar | ","서식 핸들러 테스트","헤딩 핸들러"],"fullName":"Toolbar |  서식 핸들러 테스트 헤딩 핸들러 선택된 텍스트에 H3 서식을 적용해야 합니다","status":"passed","title":"선택된 텍스트에 H3 서식을 적용해야 합니다","duration":7.356743000000279,"failureMessages":[],"meta":{}},{"ancestorTitles":["Toolbar | ","서식 핸들러 테스트","헤딩 핸들러"],"fullName":"Toolbar |  서식 핸들러 테스트 헤딩 핸들러 선택된 텍스트에 H4 서식을 적용해야 합니다","status":"passed","title":"선택된 텍스트에 H4 서식을 적용해야 합니다","duration":4.727177999999185,"failureMessages":[],"meta":{}},{"ancestorTitles":["Toolbar | ","서식 핸들러 테스트","볼드 핸들러"],"fullName":"Toolbar |  서식 핸들러 테스트 볼드 핸들러 텍스트가 선택되지 않은 경우 기본 텍스트를 삽입해야 합니다","status":"passed","title":"텍스트가 선택되지 않은 경우 기본 텍스트를 삽입해야 합니다","duration":6.426922000000559,"failureMessages":[],"meta":{}},{"ancestorTitles":["Toolbar | ","서식 핸들러 테스트","볼드 핸들러"],"fullName":"Toolbar |  서식 핸들러 테스트 볼드 핸들러 선택된 텍스트에 볼드 서식을 적용해야 합니다","status":"passed","title":"선택된 텍스트에 볼드 서식을 적용해야 합니다","duration":5.284278999999515,"failureMessages":[],"meta":{}},{"ancestorTitles":["Toolbar | ","서식 핸들러 테스트","볼드 핸들러"],"fullName":"Toolbar |  서식 핸들러 테스트 볼드 핸들러 이미 볼드 처리된 텍스트의 서식을 제거해야 합니다","status":"passed","title":"이미 볼드 처리된 텍스트의 서식을 제거해야 합니다","duration":4.118529999999737,"failureMessages":[],"meta":{}},{"ancestorTitles":["Toolbar | ","서식 핸들러 테스트","이탤릭 핸들러"],"fullName":"Toolbar |  서식 핸들러 테스트 이탤릭 핸들러 텍스트가 선택되지 않은 경우 기본 텍스트를 삽입해야 합니다","status":"passed","title":"텍스트가 선택되지 않은 경우 기본 텍스트를 삽입해야 합니다","duration":4.469716999999946,"failureMessages":[],"meta":{}},{"ancestorTitles":["Toolbar | ","서식 핸들러 테스트","이탤릭 핸들러"],"fullName":"Toolbar |  서식 핸들러 테스트 이탤릭 핸들러 선택된 텍스트에 이탤릭 서식을 적용해야 합니다","status":"passed","title":"선택된 텍스트에 이탤릭 서식을 적용해야 합니다","duration":5.048480999999811,"failureMessages":[],"meta":{}},{"ancestorTitles":["Toolbar | ","서식 핸들러 테스트","취소선 핸들러"],"fullName":"Toolbar |  서식 핸들러 테스트 취소선 핸들러 텍스트가 선택되지 않은 경우 기본 텍스트를 삽입해야 합니다","status":"passed","title":"텍스트가 선택되지 않은 경우 기본 텍스트를 삽입해야 합니다","duration":4.414876000000731,"failureMessages":[],"meta":{}},{"ancestorTitles":["Toolbar | ","서식 핸들러 테스트","취소선 핸들러"],"fullName":"Toolbar |  서식 핸들러 테스트 취소선 핸들러 선택된 텍스트에 취소선 서식을 적용해야 합니다","status":"passed","title":"선택된 텍스트에 취소선 서식을 적용해야 합니다","duration":4.076956000000791,"failureMessages":[],"meta":{}},{"ancestorTitles":["Toolbar | ","서식 핸들러 테스트","인용구 핸들러"],"fullName":"Toolbar |  서식 핸들러 테스트 인용구 핸들러 텍스트가 선택되지 않은 경우 기본 텍스트를 삽입해야 합니다","status":"passed","title":"텍스트가 선택되지 않은 경우 기본 텍스트를 삽입해야 합니다","duration":4.675693000001047,"failureMessages":[],"meta":{}},{"ancestorTitles":["Toolbar | ","서식 핸들러 테스트","인용구 핸들러"],"fullName":"Toolbar |  서식 핸들러 테스트 인용구 핸들러 선택된 텍스트에 인용구 서식을 적용해야 합니다","status":"passed","title":"선택된 텍스트에 인용구 서식을 적용해야 합니다","duration":7.865426000000298,"failureMessages":[],"meta":{}},{"ancestorTitles":["Toolbar | ","서식 핸들러 테스트","코드블록 핸들러"],"fullName":"Toolbar |  서식 핸들러 테스트 코드블록 핸들러 텍스트가 선택되지 않은 경우 기본 텍스트를 삽입해야 합니다","status":"passed","title":"텍스트가 선택되지 않은 경우 기본 텍스트를 삽입해야 합니다","duration":4.804065000000264,"failureMessages":[],"meta":{}},{"ancestorTitles":["Toolbar | ","서식 핸들러 테스트","코드블록 핸들러"],"fullName":"Toolbar |  서식 핸들러 테스트 코드블록 핸들러 선택된 텍스트에 코드블록 서식을 적용해야 합니다","status":"passed","title":"선택된 텍스트에 코드블록 서식을 적용해야 합니다","duration":5.669893999998749,"failureMessages":[],"meta":{}},{"ancestorTitles":["Toolbar | ","서식 제거 테스트"],"fullName":"Toolbar |  서식 제거 테스트 볼드 서식이 적용된 '텍스트'를 선택하면 서식이 제거되어야 합니다","status":"passed","title":"볼드 서식이 적용된 '텍스트'를 선택하면 서식이 제거되어야 합니다","duration":4.613595999999234,"failureMessages":[],"meta":{}},{"ancestorTitles":["Toolbar | ","서식 제거 테스트"],"fullName":"Toolbar |  서식 제거 테스트 이탤릭 서식이 적용된 '텍스트'를 선택하면 서식이 제거되어야 합니다","status":"passed","title":"이탤릭 서식이 적용된 '텍스트'를 선택하면 서식이 제거되어야 합니다","duration":4.20386100000178,"failureMessages":[],"meta":{}},{"ancestorTitles":["Toolbar | ","서식 제거 테스트"],"fullName":"Toolbar |  서식 제거 테스트 취소선 서식이 적용된 '텍스트'를 선택하면 서식이 제거되어야 합니다","status":"passed","title":"취소선 서식이 적용된 '텍스트'를 선택하면 서식이 제거되어야 합니다","duration":4.904033000002528,"failureMessages":[],"meta":{}},{"ancestorTitles":["Toolbar | ","이미지 버튼"],"fullName":"Toolbar |  이미지 버튼 이미지 업로드 버튼이 렌더링되어야 합니다","status":"passed","title":"이미지 업로드 버튼이 렌더링되어야 합니다","duration":5.2058560000004945,"failureMessages":[],"meta":{}}],"startTime":1749834293512,"endTime":1749834293639.2058,"status":"passed","message":"","name":"/app/app/features/Editor/ui/Toolbar/Toolbar.test.tsx"}]}