{"numTotalTestSuites":109,"numPassedTestSuites":97,"numFailedTestSuites":12,"numPendingTestSuites":0,"numTotalTests":114,"numPassedTests":82,"numFailedTests":8,"numPendingTests":0,"numTodoTests":24,"snapshot":{"added":0,"failure":false,"filesAdded":0,"filesRemoved":0,"filesRemovedList":[],"filesUnmatched":0,"filesUpdated":0,"matched":0,"total":0,"unchecked":0,"uncheckedKeysByFile":[],"unmatched":0,"updated":0,"didUpdate":false},"startTime":1749889708432,"success":false,"testResults":[{"assertionResults":[{"ancestorTitles":["Horizontal | "],"fullName":"Horizontal |  기본 렌더링이 정상적으로 이루어져야 합니다","status":"failed","title":"기본 렌더링이 정상적으로 이루어져야 합니다","duration":32.58097399999997,"failureMessages":["TypeError: Cannot destructure property 'basename' of 'React10.useContext(...)' as it is null.\n    at LinkWithRef (/app/node_modules/.pnpm/react-router@7.6.2_react-dom@19.1.0_react@19.1.0__react@19.1.0/node_modules/react-router/dist/development/index.js:9056:11)\n    at Object.react-stack-bottom-frame (/app/node_modules/.pnpm/react-dom@19.1.0_react@19.1.0/node_modules/react-dom/cjs/react-dom-client.development.js:23863:20)\n    at renderWithHooks (/app/node_modules/.pnpm/react-dom@19.1.0_react@19.1.0/node_modules/react-dom/cjs/react-dom-client.development.js:5529:22)\n    at updateForwardRef (/app/node_modules/.pnpm/react-dom@19.1.0_react@19.1.0/node_modules/react-dom/cjs/react-dom-client.development.js:8645:19)\n    at beginWork (/app/node_modules/.pnpm/react-dom@19.1.0_react@19.1.0/node_modules/react-dom/cjs/react-dom-client.development.js:10861:18)\n    at runWithFiberInDEV (/app/node_modules/.pnpm/react-dom@19.1.0_react@19.1.0/node_modules/react-dom/cjs/react-dom-client.development.js:1522:13)\n    at performUnitOfWork (/app/node_modules/.pnpm/react-dom@19.1.0_react@19.1.0/node_modules/react-dom/cjs/react-dom-client.development.js:15140:22)\n    at workLoopSync (/app/node_modules/.pnpm/react-dom@19.1.0_react@19.1.0/node_modules/react-dom/cjs/react-dom-client.development.js:14956:41)\n    at renderRootSync (/app/node_modules/.pnpm/react-dom@19.1.0_react@19.1.0/node_modules/react-dom/cjs/react-dom-client.development.js:14936:11)\n    at performWorkOnRoot (/app/node_modules/.pnpm/react-dom@19.1.0_react@19.1.0/node_modules/react-dom/cjs/react-dom-client.development.js:14462:44)"],"meta":{}},{"ancestorTitles":["Horizontal | "],"fullName":"Horizontal |  작성일이 있어야 합니다","status":"todo","title":"작성일이 있어야 합니다","failureMessages":[],"meta":{}},{"ancestorTitles":["Horizontal | "],"fullName":"Horizontal |  작성자가 있어야 합니다","status":"todo","title":"작성자가 있어야 합니다","failureMessages":[],"meta":{}},{"ancestorTitles":["Horizontal | "],"fullName":"Horizontal |  제목이 있어야 합니다","status":"todo","title":"제목이 있어야 합니다","failureMessages":[],"meta":{}},{"ancestorTitles":["Horizontal | "],"fullName":"Horizontal |  내용이 있어야 합니다","status":"todo","title":"내용이 있어야 합니다","failureMessages":[],"meta":{}},{"ancestorTitles":["Horizontal | "],"fullName":"Horizontal |  더보기를 누르면 navigation.push('/{username}/{post}')으로 이동합니다","status":"todo","title":"더보기를 누르면 navigation.push('/{username}/{post}')으로 이동합니다","failureMessages":[],"meta":{}}],"startTime":1749889712215,"endTime":1749889712247.581,"status":"failed","message":"","name":"/app/app/entities/HorizontalPostCard/ui/HorizontalPostCard.test.tsx"},{"assertionResults":[{"ancestorTitles":["LabelInput | "],"fullName":"LabelInput |  라벨 입력 요소가 정상적으로 렌더링 되어야 합니다","status":"passed","title":"라벨 입력 요소가 정상적으로 렌더링 되어야 합니다","duration":54.42705600000045,"failureMessages":[],"meta":{}}],"startTime":1749889723689,"endTime":1749889723743.427,"status":"passed","message":"","name":"/app/app/entities/LabelInput/ui/LabelInput.test.tsx"},{"assertionResults":[{"ancestorTitles":["Vertical | "],"fullName":"Vertical |  기본 렌더링이 정상적으로 이루어져야 합니다","status":"failed","title":"기본 렌더링이 정상적으로 이루어져야 합니다","duration":31.41277600000012,"failureMessages":["TypeError: Cannot destructure property 'basename' of 'React10.useContext(...)' as it is null.\n    at LinkWithRef (/app/node_modules/.pnpm/react-router@7.6.2_react-dom@19.1.0_react@19.1.0__react@19.1.0/node_modules/react-router/dist/development/index.js:9056:11)\n    at Object.react-stack-bottom-frame (/app/node_modules/.pnpm/react-dom@19.1.0_react@19.1.0/node_modules/react-dom/cjs/react-dom-client.development.js:23863:20)\n    at renderWithHooks (/app/node_modules/.pnpm/react-dom@19.1.0_react@19.1.0/node_modules/react-dom/cjs/react-dom-client.development.js:5529:22)\n    at updateForwardRef (/app/node_modules/.pnpm/react-dom@19.1.0_react@19.1.0/node_modules/react-dom/cjs/react-dom-client.development.js:8645:19)\n    at beginWork (/app/node_modules/.pnpm/react-dom@19.1.0_react@19.1.0/node_modules/react-dom/cjs/react-dom-client.development.js:10861:18)\n    at runWithFiberInDEV (/app/node_modules/.pnpm/react-dom@19.1.0_react@19.1.0/node_modules/react-dom/cjs/react-dom-client.development.js:1522:13)\n    at performUnitOfWork (/app/node_modules/.pnpm/react-dom@19.1.0_react@19.1.0/node_modules/react-dom/cjs/react-dom-client.development.js:15140:22)\n    at workLoopSync (/app/node_modules/.pnpm/react-dom@19.1.0_react@19.1.0/node_modules/react-dom/cjs/react-dom-client.development.js:14956:41)\n    at renderRootSync (/app/node_modules/.pnpm/react-dom@19.1.0_react@19.1.0/node_modules/react-dom/cjs/react-dom-client.development.js:14936:11)\n    at performWorkOnRoot (/app/node_modules/.pnpm/react-dom@19.1.0_react@19.1.0/node_modules/react-dom/cjs/react-dom-client.development.js:14462:44)"],"meta":{}},{"ancestorTitles":["Vertical | "],"fullName":"Vertical |  제목이 있어야 합니다","status":"todo","title":"제목이 있어야 합니다","failureMessages":[],"meta":{}},{"ancestorTitles":["Vertical | "],"fullName":"Vertical |  작성일이 있어야 합니다","status":"todo","title":"작성일이 있어야 합니다","failureMessages":[],"meta":{}},{"ancestorTitles":["Vertical | "],"fullName":"Vertical |  작성자가 있어야 합니다","status":"todo","title":"작성자가 있어야 합니다","failureMessages":[],"meta":{}},{"ancestorTitles":["Vertical | "],"fullName":"Vertical |  요소를 누르면 navigation.push('/{username}/{post}')으로 이동합니다","status":"todo","title":"요소를 누르면 navigation.push('/{username}/{post}')으로 이동합니다","failureMessages":[],"meta":{}}],"startTime":1749889712216,"endTime":1749889712247.4128,"status":"failed","message":"","name":"/app/app/entities/VerticalPostCard/ui/VerticalPostCard.test.tsx"},{"assertionResults":[{"ancestorTitles":["useCodemirror"],"fullName":"useCodemirror 초기 문서와 함께 정상적으로 초기화되어야 합니다","status":"passed","title":"초기 문서와 함께 정상적으로 초기화되어야 합니다","duration":14.30701900000031,"failureMessages":[],"meta":{}},{"ancestorTitles":["useCodemirror"],"fullName":"useCodemirror ref가 null이 아니어야 합니다","status":"passed","title":"ref가 null이 아니어야 합니다","duration":1.8864369999996597,"failureMessages":[],"meta":{}}],"startTime":1749889719825,"endTime":1749889719840.8865,"status":"passed","message":"","name":"/app/app/features/Editor/model/useCodemirror.test.tsx"},{"assertionResults":[{"ancestorTitles":["Editor | "],"fullName":"Editor |  렌더링이 정상적으로 이루어져야 합니다","status":"passed","title":"렌더링이 정상적으로 이루어져야 합니다","duration":100.42359699999906,"failureMessages":[],"meta":{}},{"ancestorTitles":["Editor | "],"fullName":"Editor |  initialDoc prop은 문자열이어야 합니다","status":"passed","title":"initialDoc prop은 문자열이어야 합니다","duration":16.11663899999985,"failureMessages":[],"meta":{}},{"ancestorTitles":["Editor | "],"fullName":"Editor |  문서가 변경될 때 콜백이 호출되어야 합니다","status":"todo","title":"문서가 변경될 때 콜백이 호출되어야 합니다","failureMessages":[],"meta":{}}],"startTime":1749889724207,"endTime":1749889724323.1167,"status":"passed","message":"","name":"/app/app/features/Editor/ui/Editor.test.tsx"},{"assertionResults":[{"ancestorTitles":["FileUpload | "],"fullName":"FileUpload |  파일 업로드 요소가 정상적으로 렌더링 되어야 합니다","status":"passed","title":"파일 업로드 요소가 정상적으로 렌더링 되어야 합니다","duration":76.89140600000019,"failureMessages":[],"meta":{}}],"startTime":1749889712381,"endTime":1749889712457.8914,"status":"passed","message":"","name":"/app/app/features/FileUpload/ui/FileUpload.test.tsx"},{"assertionResults":[{"ancestorTitles":["FloatingButton | "],"fullName":"FloatingButton |  기본 요소가 정상적으로 렌더링 되어야 합니다","status":"passed","title":"기본 요소가 정상적으로 렌더링 되어야 합니다","duration":60.18410699999913,"failureMessages":[],"meta":{}}],"startTime":1749889723622,"endTime":1749889723682.184,"status":"passed","message":"","name":"/app/app/features/FloatingButton/ui/FloatingButton.test.tsx"},{"assertionResults":[{"ancestorTitles":["Preview"],"fullName":"Preview 문서 내용을 렌더링해야 합니다","status":"passed","title":"문서 내용을 렌더링해야 합니다","duration":10.159395000000586,"failureMessages":[],"meta":{}},{"ancestorTitles":["Preview"],"fullName":"Preview 문서가 비어있을 때 빈 내용을 렌더링해야 합니다","status":"passed","title":"문서가 비어있을 때 빈 내용을 렌더링해야 합니다","duration":39.61328300000059,"failureMessages":[],"meta":{}},{"ancestorTitles":["Preview"],"fullName":"Preview doc prop은 string이어야 합니다","status":"passed","title":"doc prop은 string이어야 합니다","duration":0.3508849999998347,"failureMessages":[],"meta":{}},{"ancestorTitles":["Preview"],"fullName":"Preview 빈 문자열이 전달되면 빈 Preview 컴포넌트가 렌더링 되어야 합니다","status":"passed","title":"빈 문자열이 전달되면 빈 Preview 컴포넌트가 렌더링 되어야 합니다","duration":6.444632000000638,"failureMessages":[],"meta":{}}],"startTime":1749889723937,"endTime":1749889723993.4446,"status":"passed","message":"","name":"/app/app/features/Preview/ui/Preview.test.tsx"},{"assertionResults":[{"ancestorTitles":["imageUpload"],"fullName":"imageUpload 이미지 업로드 성공 시 마크다운 문법이 삽입되어야 합니다","status":"passed","title":"이미지 업로드 성공 시 마크다운 문법이 삽입되어야 합니다","duration":4.076025999999956,"failureMessages":[],"meta":{}},{"ancestorTitles":["imageUpload"],"fullName":"imageUpload 이미지 업로드 실패 시 에러 메시지가 삽입되어야 합니다","status":"passed","title":"이미지 업로드 실패 시 에러 메시지가 삽입되어야 합니다","duration":4.8944759999999405,"failureMessages":[],"meta":{}}],"startTime":1749889718742,"endTime":1749889718750.8945,"status":"passed","message":"","name":"/app/app/shared/lib/imageUpload/imageUpload.test.ts"},{"assertionResults":[{"ancestorTitles":["Blockquote | "],"fullName":"Blockquote |  렌더링이 정상적으로 이루어져야 합니다","status":"passed","title":"렌더링이 정상적으로 이루어져야 합니다","duration":31.300220999999965,"failureMessages":[],"meta":{}}],"startTime":1749889717117,"endTime":1749889717148.3003,"status":"passed","message":"","name":"/app/app/shared/ui/Blockquote/Blockquote.test.tsx"},{"assertionResults":[{"ancestorTitles":["Button 컴포넌트"],"fullName":"Button 컴포넌트 기본 버튼이 정상적으로 렌더링 되어야 합니다","status":"passed","title":"기본 버튼이 정상적으로 렌더링 되어야 합니다","duration":72.05333399999972,"failureMessages":[],"meta":{}},{"ancestorTitles":["Button 컴포넌트"],"fullName":"Button 컴포넌트 variant prop에 따라 올바른 스타일이 적용되어야 합니다","status":"passed","title":"variant prop에 따라 올바른 스타일이 적용되어야 합니다","duration":13.392999000000145,"failureMessages":[],"meta":{}},{"ancestorTitles":["Button 컴포넌트"],"fullName":"Button 컴포넌트 size prop에 따라 올바른 크기가 적용되어야 합니다","status":"passed","title":"size prop에 따라 올바른 크기가 적용되어야 합니다","duration":10.469020999999884,"failureMessages":[],"meta":{}},{"ancestorTitles":["Button 컴포넌트"],"fullName":"Button 컴포넌트 disabled prop이 true일 때 버튼이 비활성화되어야 합니다","status":"passed","title":"disabled prop이 true일 때 버튼이 비활성화되어야 합니다","duration":11.94779699999981,"failureMessages":[],"meta":{}},{"ancestorTitles":["Button 컴포넌트"],"fullName":"Button 컴포넌트 asChild prop이 true일 때 다른 엘리먼트로 렌더링 되어야 합니다","status":"passed","title":"asChild prop이 true일 때 다른 엘리먼트로 렌더링 되어야 합니다","duration":9.276636999999937,"failureMessages":[],"meta":{}},{"ancestorTitles":["Button 컴포넌트"],"fullName":"Button 컴포넌트 asChild prop이 false일 때 button 엘리먼트로 렌더링 되어야 합니다","status":"passed","title":"asChild prop이 false일 때 button 엘리먼트로 렌더링 되어야 합니다","duration":3.7427859999997963,"failureMessages":[],"meta":{}}],"startTime":1749889712481,"endTime":1749889712601.7427,"status":"passed","message":"","name":"/app/app/shared/ui/Button/Button.test.tsx"},{"assertionResults":[{"ancestorTitles":["Calendar | "],"fullName":"Calendar |  렌더링이 정상적으로 이루어져야 합니다","status":"passed","title":"렌더링이 정상적으로 이루어져야 합니다","duration":114.49849000000086,"failureMessages":[],"meta":{}}],"startTime":1749889717116,"endTime":1749889717230.4985,"status":"passed","message":"","name":"/app/app/shared/ui/Calendar/Calendar.test.tsx"},{"assertionResults":[{"ancestorTitles":["Category | "],"fullName":"Category |  카테고리가 정상적으로 렌더링 되어야 합니다","status":"passed","title":"카테고리가 정상적으로 렌더링 되어야 합니다","duration":41.226024999999936,"failureMessages":[],"meta":{}}],"startTime":1749889714859,"endTime":1749889714900.226,"status":"passed","message":"","name":"/app/app/shared/ui/Category/Category.test.tsx"},{"assertionResults":[{"ancestorTitles":["Code | "],"fullName":"Code |  렌더링이 정상적으로 이루어져야 합니다","status":"passed","title":"렌더링이 정상적으로 이루어져야 합니다","duration":31.05874400000016,"failureMessages":[],"meta":{}}],"startTime":1749889717053,"endTime":1749889717084.0588,"status":"passed","message":"","name":"/app/app/shared/ui/Code/Code.test.tsx"},{"assertionResults":[{"ancestorTitles":["Container | "],"fullName":"Container |  렌더링이 정상적으로 이루어져야 합니다","status":"passed","title":"렌더링이 정상적으로 이루어져야 합니다","duration":62.61678200000006,"failureMessages":[],"meta":{}}],"startTime":1749889714647,"endTime":1749889714709.6167,"status":"passed","message":"","name":"/app/app/shared/ui/Container/Container.test.tsx"},{"assertionResults":[{"ancestorTitles":["CustomSelect | "],"fullName":"CustomSelect |  플레이스홀더가 정상적으로 렌더링 되어야 합니다","status":"passed","title":"플레이스홀더가 정상적으로 렌더링 되어야 합니다","duration":88.68662799999993,"failureMessages":[],"meta":{}}],"startTime":1749889715041,"endTime":1749889715129.6865,"status":"passed","message":"","name":"/app/app/shared/ui/CustomSelect/CustomSelect.test.tsx"},{"assertionResults":[{"ancestorTitles":["DefaultProfile | "],"fullName":"DefaultProfile |  렌더링이 정상적으로 이루어져야 합니다","status":"passed","title":"렌더링이 정상적으로 이루어져야 합니다","duration":25.911405000000286,"failureMessages":[],"meta":{}}],"startTime":1749889717388,"endTime":1749889717413.9114,"status":"passed","message":"","name":"/app/app/shared/ui/DefaultProfile/DefaultProfile.test.tsx"},{"assertionResults":[{"ancestorTitles":["DatePicker | "],"fullName":"DatePicker |  버튼이 정상적으로 렌더링 되어야 합니다","status":"passed","title":"버튼이 정상적으로 렌더링 되어야 합니다","duration":58.80187999999998,"failureMessages":[],"meta":{}}],"startTime":1749889718556,"endTime":1749889718614.802,"status":"passed","message":"","name":"/app/app/shared/ui/DatePicker/DatePicker.test.tsx"},{"assertionResults":[{"ancestorTitles":["Dialog | "],"fullName":"Dialog |  트리거 버튼이 렌더링 되어야 합니다","status":"passed","title":"트리거 버튼이 렌더링 되어야 합니다","duration":80.7056889999999,"failureMessages":[],"meta":{}}],"startTime":1749889712477,"endTime":1749889712557.7058,"status":"passed","message":"","name":"/app/app/shared/ui/Dialog/Dialog.test.tsx"},{"assertionResults":[{"ancestorTitles":["FormLabel | "],"fullName":"FormLabel |  텍스트가 정상적으로 렌더링 되어야 합니다","status":"passed","title":"텍스트가 정상적으로 렌더링 되어야 합니다","duration":33.14098899999999,"failureMessages":[],"meta":{}}],"startTime":1749889716879,"endTime":1749889716912.1409,"status":"passed","message":"","name":"/app/app/shared/ui/FormLabel/FormLabel.test.tsx"},{"assertionResults":[{"ancestorTitles":["H2 | "],"fullName":"H2 |  렌더링이 정상적으로 이루어져야 합니다","status":"passed","title":"렌더링이 정상적으로 이루어져야 합니다","duration":25.486192000000074,"failureMessages":[],"meta":{}}],"startTime":1749889717174,"endTime":1749889717199.486,"status":"passed","message":"","name":"/app/app/shared/ui/H2/H2.test.tsx"},{"assertionResults":[{"ancestorTitles":["H1 | "],"fullName":"H1 |  렌더링이 정상적으로 이루어져야 합니다","status":"passed","title":"렌더링이 정상적으로 이루어져야 합니다","duration":31.713021000000026,"failureMessages":[],"meta":{}}],"startTime":1749889717170,"endTime":1749889717201.7131,"status":"passed","message":"","name":"/app/app/shared/ui/H1/H1.test.tsx"},{"assertionResults":[{"ancestorTitles":["H3 | "],"fullName":"H3 |  렌더링이 정상적으로 이루어져야 합니다","status":"passed","title":"렌더링이 정상적으로 이루어져야 합니다","duration":25.095383999999967,"failureMessages":[],"meta":{}}],"startTime":1749889716896,"endTime":1749889716921.0955,"status":"passed","message":"","name":"/app/app/shared/ui/H3/H3.test.tsx"},{"assertionResults":[{"ancestorTitles":["H4 | "],"fullName":"H4 |  렌더링이 정상적으로 이루어져야 합니다","status":"passed","title":"렌더링이 정상적으로 이루어져야 합니다","duration":40.140683999999965,"failureMessages":[],"meta":{}}],"startTime":1749889717170,"endTime":1749889717210.1406,"status":"passed","message":"","name":"/app/app/shared/ui/H4/H4.test.tsx"},{"assertionResults":[{"ancestorTitles":["Hyperlink | "],"fullName":"Hyperlink |  렌더링이 정상적으로 이루어져야 합니다","status":"passed","title":"렌더링이 정상적으로 이루어져야 합니다","duration":41.54189799999995,"failureMessages":[],"meta":{}},{"ancestorTitles":["Hyperlink | "],"fullName":"Hyperlink |  target과 rel 속성이 올바르게 설정되어야 합니다","status":"passed","title":"target과 rel 속성이 올바르게 설정되어야 합니다","duration":4.732132000000092,"failureMessages":[],"meta":{}}],"startTime":1749889717210,"endTime":1749889717255.7322,"status":"passed","message":"","name":"/app/app/shared/ui/Hyperlink/Hyperlink.test.tsx"},{"assertionResults":[{"ancestorTitles":["Input 컴포넌트"],"fullName":"Input 컴포넌트 기본 입력 요소가 정상적으로 렌더링 되어야 합니다","status":"passed","title":"기본 입력 요소가 정상적으로 렌더링 되어야 합니다","duration":59.92932500000006,"failureMessages":[],"meta":{}},{"ancestorTitles":["Input 컴포넌트"],"fullName":"Input 컴포넌트 placeholder 속성이 정상적으로 렌더링 되어야 합니다","status":"passed","title":"placeholder 속성이 정상적으로 렌더링 되어야 합니다","duration":2.7522439999997914,"failureMessages":[],"meta":{}},{"ancestorTitles":["Input 컴포넌트"],"fullName":"Input 컴포넌트 onChange 이벤트가 정상적으로 동작해야 합니다","status":"passed","title":"onChange 이벤트가 정상적으로 동작해야 합니다","duration":13.873675999999705,"failureMessages":[],"meta":{}},{"ancestorTitles":["Input 컴포넌트"],"fullName":"Input 컴포넌트 disabled 상태일 때 입력이 불가능해야 합니다","status":"passed","title":"disabled 상태일 때 입력이 불가능해야 합니다","duration":17.290346000000227,"failureMessages":[],"meta":{}}],"startTime":1749889712318,"endTime":1749889712411.2903,"status":"passed","message":"","name":"/app/app/shared/ui/Input/Input.test.tsx"},{"assertionResults":[{"ancestorTitles":["Label | "],"fullName":"Label |  텍스트가 정상적으로 렌더링 되어야 합니다","status":"passed","title":"텍스트가 정상적으로 렌더링 되어야 합니다","duration":48.6304839999998,"failureMessages":[],"meta":{}}],"startTime":1749889715205,"endTime":1749889715253.6304,"status":"passed","message":"","name":"/app/app/shared/ui/Label/Label.test.tsx"},{"assertionResults":[{"ancestorTitles":["Loading | "],"fullName":"Loading |  로딩 인디케이터가 정상적으로 렌더링 되어야 합니다","status":"passed","title":"로딩 인디케이터가 정상적으로 렌더링 되어야 합니다","duration":69.77475199999981,"failureMessages":[],"meta":{}}],"startTime":1749889712125,"endTime":1749889712194.7747,"status":"passed","message":"","name":"/app/app/shared/ui/Loading/Loading.test.tsx"},{"assertionResults":[{"ancestorTitles":["MonthCalendar | "],"fullName":"MonthCalendar |  그리드가 렌더링 되어야 합니다","status":"passed","title":"그리드가 렌더링 되어야 합니다","duration":94.22208500000033,"failureMessages":[],"meta":{}}],"startTime":1749889714849,"endTime":1749889714943.2222,"status":"passed","message":"","name":"/app/app/shared/ui/MonthCalendar/MonthCalendar.test.tsx"},{"assertionResults":[{"ancestorTitles":["MonthPicker | "],"fullName":"MonthPicker |  버튼이 렌더링 되어야 합니다","status":"passed","title":"버튼이 렌더링 되어야 합니다","duration":119.46777899999961,"failureMessages":[],"meta":{}}],"startTime":1749889715212,"endTime":1749889715331.4678,"status":"passed","message":"","name":"/app/app/shared/ui/MonthPicker/MonthPicker.test.tsx"},{"assertionResults":[{"ancestorTitles":["MonthRangeCalendar | "],"fullName":"MonthRangeCalendar |  버튼이 렌더링 되어야 합니다","status":"passed","title":"버튼이 렌더링 되어야 합니다","duration":160.38471100000015,"failureMessages":[],"meta":{}}],"startTime":1749889712476,"endTime":1749889712636.3848,"status":"passed","message":"","name":"/app/app/shared/ui/MonthRangeCalendar/MonthRangeCalendar.test.tsx"},{"assertionResults":[{"ancestorTitles":["OrderedList | "],"fullName":"OrderedList |  렌더링이 정상적으로 이루어져야 합니다","status":"passed","title":"렌더링이 정상적으로 이루어져야 합니다","duration":38.95672700000023,"failureMessages":[],"meta":{}},{"ancestorTitles":["OrderedList | "],"fullName":"OrderedList |  ordered list 태그로 렌더링되어야 합니다","status":"passed","title":"ordered list 태그로 렌더링되어야 합니다","duration":72.63181899999972,"failureMessages":[],"meta":{}}],"startTime":1749889714993,"endTime":1749889715104.6318,"status":"passed","message":"","name":"/app/app/shared/ui/OrderedList/OrderedList.test.tsx"},{"assertionResults":[{"ancestorTitles":["Popover | "],"fullName":"Popover |  트리거 버튼이 렌더링 되어야 합니다","status":"passed","title":"트리거 버튼이 렌더링 되어야 합니다","duration":59.198191999999835,"failureMessages":[],"meta":{}}],"startTime":1749889712295,"endTime":1749889712354.1982,"status":"passed","message":"","name":"/app/app/shared/ui/Popover/Popover.test.tsx"},{"assertionResults":[{"ancestorTitles":["Pre | "],"fullName":"Pre |  렌더링이 정상적으로 이루어져야 합니다","status":"passed","title":"렌더링이 정상적으로 이루어져야 합니다","duration":34.23096700000019,"failureMessages":[],"meta":{}},{"ancestorTitles":["Pre | "],"fullName":"Pre |  pre 태그로 렌더링되어야 합니다","status":"passed","title":"pre 태그로 렌더링되어야 합니다","duration":3.4648600000000442,"failureMessages":[],"meta":{}}],"startTime":1749889717171,"endTime":1749889717208.4648,"status":"passed","message":"","name":"/app/app/shared/ui/Pre/Pre.test.tsx"},{"assertionResults":[{"ancestorTitles":["Select | "],"fullName":"Select |  트리거가 렌더링 되어야 합니다","status":"passed","title":"트리거가 렌더링 되어야 합니다","duration":109.82085800000004,"failureMessages":[],"meta":{}}],"startTime":1749889712414,"endTime":1749889712523.8208,"status":"passed","message":"","name":"/app/app/shared/ui/Select/Select.test.tsx"},{"assertionResults":[{"ancestorTitles":["Toaster | "],"fullName":"Toaster |  렌더링이 정상적으로 이루어져야 합니다","status":"passed","title":"렌더링이 정상적으로 이루어져야 합니다","duration":78.78115200000002,"failureMessages":[],"meta":{}}],"startTime":1749889715042,"endTime":1749889715120.7812,"status":"passed","message":"","name":"/app/app/shared/ui/Sonner/Sonner.test.tsx"},{"assertionResults":[{"ancestorTitles":["Textarea | "],"fullName":"Textarea |  입력 요소가 정상적으로 렌더링 되어야 합니다","status":"passed","title":"입력 요소가 정상적으로 렌더링 되어야 합니다","duration":55.84247000000005,"failureMessages":[],"meta":{}}],"startTime":1749889712295,"endTime":1749889712350.8425,"status":"passed","message":"","name":"/app/app/shared/ui/Textarea/Textarea.test.tsx"},{"assertionResults":[{"ancestorTitles":["Toggle | "],"fullName":"Toggle |  버튼이 렌더링 되어야 합니다","status":"passed","title":"버튼이 렌더링 되어야 합니다","duration":64.68845299999975,"failureMessages":[],"meta":{}}],"startTime":1749889712318,"endTime":1749889712382.6885,"status":"passed","message":"","name":"/app/app/shared/ui/Toggle/Toggle.test.tsx"},{"assertionResults":[{"ancestorTitles":["UnorderedList | "],"fullName":"UnorderedList |  렌더링이 정상적으로 이루어져야 합니다","status":"passed","title":"렌더링이 정상적으로 이루어져야 합니다","duration":32.441505000000234,"failureMessages":[],"meta":{}},{"ancestorTitles":["UnorderedList | "],"fullName":"UnorderedList |  unordered list 태그로 렌더링되어야 합니다","status":"passed","title":"unordered list 태그로 렌더링되어야 합니다","duration":58.91854199999989,"failureMessages":[],"meta":{}}],"startTime":1749889714683,"endTime":1749889714774.9185,"status":"passed","message":"","name":"/app/app/shared/ui/UnorderedList/UnorderedList.test.tsx"},{"assertionResults":[{"ancestorTitles":["ToggleGroup | "],"fullName":"ToggleGroup |  아이템이 렌더링 되어야 합니다","status":"passed","title":"아이템이 렌더링 되어야 합니다","duration":88.98587300000008,"failureMessages":[],"meta":{}}],"startTime":1749889712404,"endTime":1749889712492.9858,"status":"passed","message":"","name":"/app/app/shared/ui/ToggleGroup/ToggleGroup.test.tsx"},{"assertionResults":[{"ancestorTitles":["Footer | "],"fullName":"Footer |  Footer가 정상적으로 렌더링 되어야 합니다","status":"passed","title":"Footer가 정상적으로 렌더링 되어야 합니다","duration":90.80246699999998,"failureMessages":[],"meta":{}}],"startTime":1749889715212,"endTime":1749889715302.8025,"status":"passed","message":"","name":"/app/app/widgets/Footer/ui/Footer.test.tsx"},{"assertionResults":[{"ancestorTitles":["GNB | "],"fullName":"GNB |  렌더링이 정상적으로 이루어져야 합니다","status":"failed","title":"렌더링이 정상적으로 이루어져야 합니다","duration":18.506745000000137,"failureMessages":["TypeError: Cannot destructure property 'basename' of 'React10.useContext(...)' as it is null.\n    at LinkWithRef (/app/node_modules/.pnpm/react-router@7.6.2_react-dom@19.1.0_react@19.1.0__react@19.1.0/node_modules/react-router/dist/development/index.js:9056:11)\n    at Object.react-stack-bottom-frame (/app/node_modules/.pnpm/react-dom@19.1.0_react@19.1.0/node_modules/react-dom/cjs/react-dom-client.development.js:23863:20)\n    at renderWithHooks (/app/node_modules/.pnpm/react-dom@19.1.0_react@19.1.0/node_modules/react-dom/cjs/react-dom-client.development.js:5529:22)\n    at updateForwardRef (/app/node_modules/.pnpm/react-dom@19.1.0_react@19.1.0/node_modules/react-dom/cjs/react-dom-client.development.js:8645:19)\n    at beginWork (/app/node_modules/.pnpm/react-dom@19.1.0_react@19.1.0/node_modules/react-dom/cjs/react-dom-client.development.js:10861:18)\n    at runWithFiberInDEV (/app/node_modules/.pnpm/react-dom@19.1.0_react@19.1.0/node_modules/react-dom/cjs/react-dom-client.development.js:1522:13)\n    at performUnitOfWork (/app/node_modules/.pnpm/react-dom@19.1.0_react@19.1.0/node_modules/react-dom/cjs/react-dom-client.development.js:15140:22)\n    at workLoopSync (/app/node_modules/.pnpm/react-dom@19.1.0_react@19.1.0/node_modules/react-dom/cjs/react-dom-client.development.js:14956:41)\n    at renderRootSync (/app/node_modules/.pnpm/react-dom@19.1.0_react@19.1.0/node_modules/react-dom/cjs/react-dom-client.development.js:14936:11)\n    at performWorkOnRoot (/app/node_modules/.pnpm/react-dom@19.1.0_react@19.1.0/node_modules/react-dom/cjs/react-dom-client.development.js:14462:44)"],"meta":{}},{"ancestorTitles":["GNB | "],"fullName":"GNB |  Github 링크가 보여야 합니다","status":"todo","title":"Github 링크가 보여야 합니다","failureMessages":[],"meta":{}},{"ancestorTitles":["GNB | "],"fullName":"GNB |  사용자명이 보여야 합니다","status":"todo","title":"사용자명이 보여야 합니다","failureMessages":[],"meta":{}},{"ancestorTitles":["GNB | "],"fullName":"GNB |  사용자 자세히 보기 페이지로 이동해야 합니다","status":"todo","title":"사용자 자세히 보기 페이지로 이동해야 합니다","failureMessages":[],"meta":{}}],"startTime":1749889712216,"endTime":1749889712234.5068,"status":"failed","message":"","name":"/app/app/widgets/GNB/ui/GNB.test.tsx"},{"assertionResults":[{"ancestorTitles":["LandingAbout | "],"fullName":"LandingAbout |  기본 렌더링이 정상적으로 이루어져야 합니다","status":"passed","title":"기본 렌더링이 정상적으로 이루어져야 합니다","duration":56.00116999999955,"failureMessages":[],"meta":{}},{"ancestorTitles":["LandingAbout | "],"fullName":"LandingAbout |  right prop이 true일 때 오른쪽 정렬되어야 합니다","status":"passed","title":"right prop이 true일 때 오른쪽 정렬되어야 합니다","duration":4.961983000001055,"failureMessages":[],"meta":{}},{"ancestorTitles":["LandingAbout | "],"fullName":"LandingAbout |  right prop이 false일 때 왼쪽 정렬되어야 합니다","status":"passed","title":"right prop이 false일 때 왼쪽 정렬되어야 합니다","duration":5.595462999999654,"failureMessages":[],"meta":{}},{"ancestorTitles":["LandingAbout | "],"fullName":"LandingAbout |  인사말이 있어야 합니다","status":"todo","title":"인사말이 있어야 합니다","failureMessages":[],"meta":{}},{"ancestorTitles":["LandingAbout | "],"fullName":"LandingAbout |  내용이 있어야 합니다","status":"todo","title":"내용이 있어야 합니다","failureMessages":[],"meta":{}},{"ancestorTitles":["LandingAbout | "],"fullName":"LandingAbout |  기술스택이 있어야 합니다","status":"todo","title":"기술스택이 있어야 합니다","failureMessages":[],"meta":{}},{"ancestorTitles":["LandingAbout | "],"fullName":"LandingAbout |  기술스택은 최대 15개입니다","status":"todo","title":"기술스택은 최대 15개입니다","failureMessages":[],"meta":{}},{"ancestorTitles":["LandingAbout | "],"fullName":"LandingAbout |  더 알아보기를 누르면 navigation.push('/{username}/about')으로 이동합니다","status":"todo","title":"더 알아보기를 누르면 navigation.push('/{username}/about')으로 이동합니다","failureMessages":[],"meta":{}}],"startTime":1749889723688,"endTime":1749889723754.5955,"status":"passed","message":"","name":"/app/app/widgets/LandingAbout/ui/LandingAbout.test.tsx"},{"assertionResults":[{"ancestorTitles":["LandingIntro | "],"fullName":"LandingIntro |  기본 렌더링이 정상적으로 이루어져야 합니다","status":"passed","title":"기본 렌더링이 정상적으로 이루어져야 합니다","duration":87.41246000000001,"failureMessages":[],"meta":{}},{"ancestorTitles":["LandingIntro | "],"fullName":"LandingIntro |  머릿말이 있어야 합니다","status":"todo","title":"머릿말이 있어야 합니다","failureMessages":[],"meta":{}},{"ancestorTitles":["LandingIntro | "],"fullName":"LandingIntro |  꼬릿말이 있어야 합니다","status":"todo","title":"꼬릿말이 있어야 합니다","failureMessages":[],"meta":{}}],"startTime":1749889715043,"endTime":1749889715130.4124,"status":"passed","message":"","name":"/app/app/widgets/LandingIntro/ui/LandingIntro.test.tsx"},{"assertionResults":[{"ancestorTitles":["ManageGNB | "],"fullName":"ManageGNB |  렌더링이 정상적으로 이루어져야 합니다","status":"failed","title":"렌더링이 정상적으로 이루어져야 합니다","duration":13.814116000001377,"failureMessages":["TypeError: Cannot destructure property 'basename' of 'React10.useContext(...)' as it is null.\n    at LinkWithRef (/app/node_modules/.pnpm/react-router@7.6.2_react-dom@19.1.0_react@19.1.0__react@19.1.0/node_modules/react-router/dist/development/index.js:9056:11)\n    at Object.react-stack-bottom-frame (/app/node_modules/.pnpm/react-dom@19.1.0_react@19.1.0/node_modules/react-dom/cjs/react-dom-client.development.js:23863:20)\n    at renderWithHooks (/app/node_modules/.pnpm/react-dom@19.1.0_react@19.1.0/node_modules/react-dom/cjs/react-dom-client.development.js:5529:22)\n    at updateForwardRef (/app/node_modules/.pnpm/react-dom@19.1.0_react@19.1.0/node_modules/react-dom/cjs/react-dom-client.development.js:8645:19)\n    at beginWork (/app/node_modules/.pnpm/react-dom@19.1.0_react@19.1.0/node_modules/react-dom/cjs/react-dom-client.development.js:10861:18)\n    at runWithFiberInDEV (/app/node_modules/.pnpm/react-dom@19.1.0_react@19.1.0/node_modules/react-dom/cjs/react-dom-client.development.js:1522:13)\n    at performUnitOfWork (/app/node_modules/.pnpm/react-dom@19.1.0_react@19.1.0/node_modules/react-dom/cjs/react-dom-client.development.js:15140:22)\n    at workLoopSync (/app/node_modules/.pnpm/react-dom@19.1.0_react@19.1.0/node_modules/react-dom/cjs/react-dom-client.development.js:14956:41)\n    at renderRootSync (/app/node_modules/.pnpm/react-dom@19.1.0_react@19.1.0/node_modules/react-dom/cjs/react-dom-client.development.js:14936:11)\n    at performWorkOnRoot (/app/node_modules/.pnpm/react-dom@19.1.0_react@19.1.0/node_modules/react-dom/cjs/react-dom-client.development.js:14462:44)"],"meta":{}}],"startTime":1749889723888,"endTime":1749889723901.8142,"status":"failed","message":"","name":"/app/app/widgets/ManageGNB/ui/ManageGNB.test.tsx"},{"assertionResults":[{"ancestorTitles":["PopularPostList | "],"fullName":"PopularPostList |  기본 렌더링이 정상적으로 이루어져야 합니다","status":"failed","title":"기본 렌더링이 정상적으로 이루어져야 합니다","duration":28.258867000000464,"failureMessages":["TypeError: Cannot destructure property 'basename' of 'React10.useContext(...)' as it is null.\n    at LinkWithRef (/app/node_modules/.pnpm/react-router@7.6.2_react-dom@19.1.0_react@19.1.0__react@19.1.0/node_modules/react-router/dist/development/index.js:9056:11)\n    at Object.react-stack-bottom-frame (/app/node_modules/.pnpm/react-dom@19.1.0_react@19.1.0/node_modules/react-dom/cjs/react-dom-client.development.js:23863:20)\n    at renderWithHooks (/app/node_modules/.pnpm/react-dom@19.1.0_react@19.1.0/node_modules/react-dom/cjs/react-dom-client.development.js:5529:22)\n    at updateForwardRef (/app/node_modules/.pnpm/react-dom@19.1.0_react@19.1.0/node_modules/react-dom/cjs/react-dom-client.development.js:8645:19)\n    at beginWork (/app/node_modules/.pnpm/react-dom@19.1.0_react@19.1.0/node_modules/react-dom/cjs/react-dom-client.development.js:10861:18)\n    at runWithFiberInDEV (/app/node_modules/.pnpm/react-dom@19.1.0_react@19.1.0/node_modules/react-dom/cjs/react-dom-client.development.js:1522:13)\n    at performUnitOfWork (/app/node_modules/.pnpm/react-dom@19.1.0_react@19.1.0/node_modules/react-dom/cjs/react-dom-client.development.js:15140:22)\n    at workLoopSync (/app/node_modules/.pnpm/react-dom@19.1.0_react@19.1.0/node_modules/react-dom/cjs/react-dom-client.development.js:14956:41)\n    at renderRootSync (/app/node_modules/.pnpm/react-dom@19.1.0_react@19.1.0/node_modules/react-dom/cjs/react-dom-client.development.js:14936:11)\n    at performWorkOnRoot (/app/node_modules/.pnpm/react-dom@19.1.0_react@19.1.0/node_modules/react-dom/cjs/react-dom-client.development.js:14462:44)"],"meta":{}},{"ancestorTitles":["PopularPostList | "],"fullName":"PopularPostList |  PopularPostItem이 렌더링 되어야 합니다","status":"failed","title":"PopularPostItem이 렌더링 되어야 합니다","duration":2.3549349999993865,"failureMessages":["TypeError: Cannot destructure property 'basename' of 'React10.useContext(...)' as it is null.\n    at LinkWithRef (/app/node_modules/.pnpm/react-router@7.6.2_react-dom@19.1.0_react@19.1.0__react@19.1.0/node_modules/react-router/dist/development/index.js:9056:11)\n    at Object.react-stack-bottom-frame (/app/node_modules/.pnpm/react-dom@19.1.0_react@19.1.0/node_modules/react-dom/cjs/react-dom-client.development.js:23863:20)\n    at renderWithHooks (/app/node_modules/.pnpm/react-dom@19.1.0_react@19.1.0/node_modules/react-dom/cjs/react-dom-client.development.js:5529:22)\n    at updateForwardRef (/app/node_modules/.pnpm/react-dom@19.1.0_react@19.1.0/node_modules/react-dom/cjs/react-dom-client.development.js:8645:19)\n    at beginWork (/app/node_modules/.pnpm/react-dom@19.1.0_react@19.1.0/node_modules/react-dom/cjs/react-dom-client.development.js:10861:18)\n    at runWithFiberInDEV (/app/node_modules/.pnpm/react-dom@19.1.0_react@19.1.0/node_modules/react-dom/cjs/react-dom-client.development.js:1522:13)\n    at performUnitOfWork (/app/node_modules/.pnpm/react-dom@19.1.0_react@19.1.0/node_modules/react-dom/cjs/react-dom-client.development.js:15140:22)\n    at workLoopSync (/app/node_modules/.pnpm/react-dom@19.1.0_react@19.1.0/node_modules/react-dom/cjs/react-dom-client.development.js:14956:41)\n    at renderRootSync (/app/node_modules/.pnpm/react-dom@19.1.0_react@19.1.0/node_modules/react-dom/cjs/react-dom-client.development.js:14936:11)\n    at performWorkOnRoot (/app/node_modules/.pnpm/react-dom@19.1.0_react@19.1.0/node_modules/react-dom/cjs/react-dom-client.development.js:14462:44)"],"meta":{}},{"ancestorTitles":["PopularPostList | "],"fullName":"PopularPostList |  게시글 목록을 받와야 합니다","status":"todo","title":"게시글 목록을 받와야 합니다","failureMessages":[],"meta":{}},{"ancestorTitles":["PopularPostList | "],"fullName":"PopularPostList |  인기 게시글은 최대 10개입니다","status":"todo","title":"인기 게시글은 최대 10개입니다","failureMessages":[],"meta":{}}],"startTime":1749889724206,"endTime":1749889724237.355,"status":"failed","message":"","name":"/app/app/widgets/PopularPostList/ui/PopularPostList.test.tsx"},{"assertionResults":[{"ancestorTitles":["Profile | "],"fullName":"Profile |  블로그 상단 프로필이 정상적으로 렌더링 되어야 합니다","status":"passed","title":"블로그 상단 프로필이 정상적으로 렌더링 되어야 합니다","duration":19.14912700000059,"failureMessages":[],"meta":{}}],"startTime":1749889723830,"endTime":1749889723849.1492,"status":"passed","message":"","name":"/app/app/widgets/Profile/ui/Profile.test.tsx"},{"assertionResults":[{"ancestorTitles":["RecentPostList | "],"fullName":"RecentPostList |  기본 렌더링이 정상적으로 이루어져야 합니다","status":"failed","title":"기본 렌더링이 정상적으로 이루어져야 합니다","duration":25.83067000000119,"failureMessages":["TypeError: Cannot destructure property 'basename' of 'React10.useContext(...)' as it is null.\n    at LinkWithRef (/app/node_modules/.pnpm/react-router@7.6.2_react-dom@19.1.0_react@19.1.0__react@19.1.0/node_modules/react-router/dist/development/index.js:9056:11)\n    at Object.react-stack-bottom-frame (/app/node_modules/.pnpm/react-dom@19.1.0_react@19.1.0/node_modules/react-dom/cjs/react-dom-client.development.js:23863:20)\n    at renderWithHooks (/app/node_modules/.pnpm/react-dom@19.1.0_react@19.1.0/node_modules/react-dom/cjs/react-dom-client.development.js:5529:22)\n    at updateForwardRef (/app/node_modules/.pnpm/react-dom@19.1.0_react@19.1.0/node_modules/react-dom/cjs/react-dom-client.development.js:8645:19)\n    at beginWork (/app/node_modules/.pnpm/react-dom@19.1.0_react@19.1.0/node_modules/react-dom/cjs/react-dom-client.development.js:10861:18)\n    at runWithFiberInDEV (/app/node_modules/.pnpm/react-dom@19.1.0_react@19.1.0/node_modules/react-dom/cjs/react-dom-client.development.js:1522:13)\n    at performUnitOfWork (/app/node_modules/.pnpm/react-dom@19.1.0_react@19.1.0/node_modules/react-dom/cjs/react-dom-client.development.js:15140:22)\n    at workLoopSync (/app/node_modules/.pnpm/react-dom@19.1.0_react@19.1.0/node_modules/react-dom/cjs/react-dom-client.development.js:14956:41)\n    at renderRootSync (/app/node_modules/.pnpm/react-dom@19.1.0_react@19.1.0/node_modules/react-dom/cjs/react-dom-client.development.js:14936:11)\n    at performWorkOnRoot (/app/node_modules/.pnpm/react-dom@19.1.0_react@19.1.0/node_modules/react-dom/cjs/react-dom-client.development.js:14462:44)"],"meta":{}},{"ancestorTitles":["RecentPostList | "],"fullName":"RecentPostList |  RecentPostItem이 렌더링 되어야 합니다","status":"failed","title":"RecentPostItem이 렌더링 되어야 합니다","duration":2.3486740000007558,"failureMessages":["TypeError: Cannot destructure property 'basename' of 'React10.useContext(...)' as it is null.\n    at LinkWithRef (/app/node_modules/.pnpm/react-router@7.6.2_react-dom@19.1.0_react@19.1.0__react@19.1.0/node_modules/react-router/dist/development/index.js:9056:11)\n    at Object.react-stack-bottom-frame (/app/node_modules/.pnpm/react-dom@19.1.0_react@19.1.0/node_modules/react-dom/cjs/react-dom-client.development.js:23863:20)\n    at renderWithHooks (/app/node_modules/.pnpm/react-dom@19.1.0_react@19.1.0/node_modules/react-dom/cjs/react-dom-client.development.js:5529:22)\n    at updateForwardRef (/app/node_modules/.pnpm/react-dom@19.1.0_react@19.1.0/node_modules/react-dom/cjs/react-dom-client.development.js:8645:19)\n    at beginWork (/app/node_modules/.pnpm/react-dom@19.1.0_react@19.1.0/node_modules/react-dom/cjs/react-dom-client.development.js:10861:18)\n    at runWithFiberInDEV (/app/node_modules/.pnpm/react-dom@19.1.0_react@19.1.0/node_modules/react-dom/cjs/react-dom-client.development.js:1522:13)\n    at performUnitOfWork (/app/node_modules/.pnpm/react-dom@19.1.0_react@19.1.0/node_modules/react-dom/cjs/react-dom-client.development.js:15140:22)\n    at workLoopSync (/app/node_modules/.pnpm/react-dom@19.1.0_react@19.1.0/node_modules/react-dom/cjs/react-dom-client.development.js:14956:41)\n    at renderRootSync (/app/node_modules/.pnpm/react-dom@19.1.0_react@19.1.0/node_modules/react-dom/cjs/react-dom-client.development.js:14936:11)\n    at performWorkOnRoot (/app/node_modules/.pnpm/react-dom@19.1.0_react@19.1.0/node_modules/react-dom/cjs/react-dom-client.development.js:14462:44)"],"meta":{}},{"ancestorTitles":["RecentPostList | "],"fullName":"RecentPostList |  게시글 목록을 받아와야 합니다","status":"todo","title":"게시글 목록을 받아와야 합니다","failureMessages":[],"meta":{}},{"ancestorTitles":["RecentPostList | "],"fullName":"RecentPostList |  최근 게시글은 최대 10개입니다","status":"todo","title":"최근 게시글은 최대 10개입니다","failureMessages":[],"meta":{}}],"startTime":1749889724209,"endTime":1749889724237.3486,"status":"failed","message":"","name":"/app/app/widgets/RecentPostLIst/ui/RecentPostList.test.tsx"},{"assertionResults":[{"ancestorTitles":["SectionTitle | "],"fullName":"SectionTitle |  제목 요소가 정상적으로 렌더링 되어야 합니다","status":"passed","title":"제목 요소가 정상적으로 렌더링 되어야 합니다","duration":61.49322299999949,"failureMessages":[],"meta":{}}],"startTime":1749889723622,"endTime":1749889723683.4932,"status":"passed","message":"","name":"/app/app/widgets/SectionTitle/ui/SectionTitle.test.tsx"},{"assertionResults":[{"ancestorTitles":["Toolbar | ","서식 핸들러 테스트","헤딩 핸들러"],"fullName":"Toolbar |  서식 핸들러 테스트 헤딩 핸들러 선택된 텍스트에 H1 서식을 적용해야 합니다","status":"passed","title":"선택된 텍스트에 H1 서식을 적용해야 합니다","duration":26.887705999999525,"failureMessages":[],"meta":{}},{"ancestorTitles":["Toolbar | ","서식 핸들러 테스트","헤딩 핸들러"],"fullName":"Toolbar |  서식 핸들러 테스트 헤딩 핸들러 선택된 텍스트에 H2 서식을 적용해야 합니다","status":"passed","title":"선택된 텍스트에 H2 서식을 적용해야 합니다","duration":7.953390999999101,"failureMessages":[],"meta":{}},{"ancestorTitles":["Toolbar | ","서식 핸들러 테스트","헤딩 핸들러"],"fullName":"Toolbar |  서식 핸들러 테스트 헤딩 핸들러 선택된 텍스트에 H3 서식을 적용해야 합니다","status":"passed","title":"선택된 텍스트에 H3 서식을 적용해야 합니다","duration":6.211967999999615,"failureMessages":[],"meta":{}},{"ancestorTitles":["Toolbar | ","서식 핸들러 테스트","헤딩 핸들러"],"fullName":"Toolbar |  서식 핸들러 테스트 헤딩 핸들러 선택된 텍스트에 H4 서식을 적용해야 합니다","status":"passed","title":"선택된 텍스트에 H4 서식을 적용해야 합니다","duration":4.8457650000000285,"failureMessages":[],"meta":{}},{"ancestorTitles":["Toolbar | ","서식 핸들러 테스트","볼드 핸들러"],"fullName":"Toolbar |  서식 핸들러 테스트 볼드 핸들러 텍스트가 선택되지 않은 경우 기본 텍스트를 삽입해야 합니다","status":"passed","title":"텍스트가 선택되지 않은 경우 기본 텍스트를 삽입해야 합니다","duration":5.507149999999456,"failureMessages":[],"meta":{}},{"ancestorTitles":["Toolbar | ","서식 핸들러 테스트","볼드 핸들러"],"fullName":"Toolbar |  서식 핸들러 테스트 볼드 핸들러 선택된 텍스트에 볼드 서식을 적용해야 합니다","status":"passed","title":"선택된 텍스트에 볼드 서식을 적용해야 합니다","duration":4.343933000000106,"failureMessages":[],"meta":{}},{"ancestorTitles":["Toolbar | ","서식 핸들러 테스트","볼드 핸들러"],"fullName":"Toolbar |  서식 핸들러 테스트 볼드 핸들러 이미 볼드 처리된 텍스트의 서식을 제거해야 합니다","status":"passed","title":"이미 볼드 처리된 텍스트의 서식을 제거해야 합니다","duration":4.111511999999493,"failureMessages":[],"meta":{}},{"ancestorTitles":["Toolbar | ","서식 핸들러 테스트","이탤릭 핸들러"],"fullName":"Toolbar |  서식 핸들러 테스트 이탤릭 핸들러 텍스트가 선택되지 않은 경우 기본 텍스트를 삽입해야 합니다","status":"passed","title":"텍스트가 선택되지 않은 경우 기본 텍스트를 삽입해야 합니다","duration":4.1796419999991485,"failureMessages":[],"meta":{}},{"ancestorTitles":["Toolbar | ","서식 핸들러 테스트","이탤릭 핸들러"],"fullName":"Toolbar |  서식 핸들러 테스트 이탤릭 핸들러 선택된 텍스트에 이탤릭 서식을 적용해야 합니다","status":"passed","title":"선택된 텍스트에 이탤릭 서식을 적용해야 합니다","duration":6.142018999998982,"failureMessages":[],"meta":{}},{"ancestorTitles":["Toolbar | ","서식 핸들러 테스트","취소선 핸들러"],"fullName":"Toolbar |  서식 핸들러 테스트 취소선 핸들러 텍스트가 선택되지 않은 경우 기본 텍스트를 삽입해야 합니다","status":"passed","title":"텍스트가 선택되지 않은 경우 기본 텍스트를 삽입해야 합니다","duration":4.142189000000144,"failureMessages":[],"meta":{}},{"ancestorTitles":["Toolbar | ","서식 핸들러 테스트","취소선 핸들러"],"fullName":"Toolbar |  서식 핸들러 테스트 취소선 핸들러 선택된 텍스트에 취소선 서식을 적용해야 합니다","status":"passed","title":"선택된 텍스트에 취소선 서식을 적용해야 합니다","duration":3.683874000000287,"failureMessages":[],"meta":{}},{"ancestorTitles":["Toolbar | ","서식 핸들러 테스트","인용구 핸들러"],"fullName":"Toolbar |  서식 핸들러 테스트 인용구 핸들러 텍스트가 선택되지 않은 경우 기본 텍스트를 삽입해야 합니다","status":"passed","title":"텍스트가 선택되지 않은 경우 기본 텍스트를 삽입해야 합니다","duration":3.06011799999942,"failureMessages":[],"meta":{}},{"ancestorTitles":["Toolbar | ","서식 핸들러 테스트","인용구 핸들러"],"fullName":"Toolbar |  서식 핸들러 테스트 인용구 핸들러 선택된 텍스트에 인용구 서식을 적용해야 합니다","status":"passed","title":"선택된 텍스트에 인용구 서식을 적용해야 합니다","duration":4.428953000000547,"failureMessages":[],"meta":{}},{"ancestorTitles":["Toolbar | ","서식 핸들러 테스트","코드블록 핸들러"],"fullName":"Toolbar |  서식 핸들러 테스트 코드블록 핸들러 텍스트가 선택되지 않은 경우 기본 텍스트를 삽입해야 합니다","status":"passed","title":"텍스트가 선택되지 않은 경우 기본 텍스트를 삽입해야 합니다","duration":4.270511000000624,"failureMessages":[],"meta":{}},{"ancestorTitles":["Toolbar | ","서식 핸들러 테스트","코드블록 핸들러"],"fullName":"Toolbar |  서식 핸들러 테스트 코드블록 핸들러 선택된 텍스트에 코드블록 서식을 적용해야 합니다","status":"passed","title":"선택된 텍스트에 코드블록 서식을 적용해야 합니다","duration":5.596559999999954,"failureMessages":[],"meta":{}},{"ancestorTitles":["Toolbar | ","서식 제거 테스트"],"fullName":"Toolbar |  서식 제거 테스트 볼드 서식이 적용된 '텍스트'를 선택하면 서식이 제거되어야 합니다","status":"passed","title":"볼드 서식이 적용된 '텍스트'를 선택하면 서식이 제거되어야 합니다","duration":3.9401190000007773,"failureMessages":[],"meta":{}},{"ancestorTitles":["Toolbar | ","서식 제거 테스트"],"fullName":"Toolbar |  서식 제거 테스트 이탤릭 서식이 적용된 '텍스트'를 선택하면 서식이 제거되어야 합니다","status":"passed","title":"이탤릭 서식이 적용된 '텍스트'를 선택하면 서식이 제거되어야 합니다","duration":4.892101000001276,"failureMessages":[],"meta":{}},{"ancestorTitles":["Toolbar | ","서식 제거 테스트"],"fullName":"Toolbar |  서식 제거 테스트 취소선 서식이 적용된 '텍스트'를 선택하면 서식이 제거되어야 합니다","status":"passed","title":"취소선 서식이 적용된 '텍스트'를 선택하면 서식이 제거되어야 합니다","duration":4.905604999999923,"failureMessages":[],"meta":{}},{"ancestorTitles":["Toolbar | ","이미지 버튼"],"fullName":"Toolbar |  이미지 버튼 이미지 업로드 버튼이 렌더링되어야 합니다","status":"passed","title":"이미지 업로드 버튼이 렌더링되어야 합니다","duration":4.641898999998375,"failureMessages":[],"meta":{}}],"startTime":1749889724000,"endTime":1749889724114.6418,"status":"passed","message":"","name":"/app/app/features/Editor/ui/Toolbar/Toolbar.test.tsx"}]}